2024-11-23 12:43:32,224 [Worker-4: Loading available Gradle versions] INFO  o.e.b.c.i.u.g.PublishedGradleVersions - Gradle version information cache is out-of-date. Trying to update.
2024-11-23 12:50:29,135 [ModalContext] INFO  o.e.m.c.i.e.AbstractTransferListenerAdapter - Downloading https://repo1.maven.org/maven2/org/apache/maven/archetypes/maven-archetype-quickstart/1.5/maven-archetype-quickstart-1.5.jar
2024-11-23 12:50:29,757 [ModalContext] INFO  o.e.m.c.i.e.AbstractTransferListenerAdapter - Downloaded https://repo1.maven.org/maven2/org/apache/maven/archetypes/maven-archetype-quickstart/1.5/maven-archetype-quickstart-1.5.jar
2024-11-23 12:50:30,062 [ModalContext] INFO  o.e.m.c.i.e.AbstractTransferListenerAdapter - Downloading https://repo1.maven.org/maven2/org/apache/maven/archetypes/maven-archetype-quickstart/1.5/maven-archetype-quickstart-1.5.pom
2024-11-23 12:50:30,427 [ModalContext] INFO  o.e.m.c.i.e.AbstractTransferListenerAdapter - Downloaded https://repo1.maven.org/maven2/org/apache/maven/archetypes/maven-archetype-quickstart/1.5/maven-archetype-quickstart-1.5.pom
2024-11-23 12:51:45,955 [Worker-11: Creating maven-archetype-quickstart] INFO  o.e.m.c.i.p.ProjectConfigurationManager - Collecting project info '/pom.xml' C:\Users\HP\OneDrive\Desktop\Fitpeo\com.FitpeoWebApplication\pom.xml
2024-11-23 12:51:47,639 [Worker-11: Creating maven-archetype-quickstart] INFO  o.e.m.c.i.e.AbstractTransferListenerAdapter - Downloading https://repo.maven.apache.org/maven2/org/junit/junit-bom/5.11.0/junit-bom-5.11.0.pom
2024-11-23 12:51:47,729 [Worker-11: Creating maven-archetype-quickstart] INFO  o.e.m.c.i.e.AbstractTransferListenerAdapter - Downloaded https://repo.maven.apache.org/maven2/org/junit/junit-bom/5.11.0/junit-bom-5.11.0.pom
2024-11-23 12:51:48,357 [Worker-11: Creating maven-archetype-quickstart] INFO  o.e.m.c.i.e.AbstractTransferListenerAdapter - Downloading https://repo.maven.apache.org/maven2/org/apache/maven/plugins/maven-clean-plugin/3.4.0/maven-clean-plugin-3.4.0.jar
2024-11-23 12:51:48,427 [Worker-11: Creating maven-archetype-quickstart] INFO  o.e.m.c.i.e.AbstractTransferListenerAdapter - Downloaded https://repo.maven.apache.org/maven2/org/apache/maven/plugins/maven-clean-plugin/3.4.0/maven-clean-plugin-3.4.0.jar
2024-11-23 12:51:48,507 [Worker-11: Creating maven-archetype-quickstart] INFO  o.e.m.c.i.e.AbstractTransferListenerAdapter - Downloading https://repo.maven.apache.org/maven2/org/apache/maven/plugins/maven-resources-plugin/3.3.1/maven-resources-plugin-3.3.1.jar
2024-11-23 12:51:48,570 [Worker-11: Creating maven-archetype-quickstart] INFO  o.e.m.c.i.e.AbstractTransferListenerAdapter - Downloaded https://repo.maven.apache.org/maven2/org/apache/maven/plugins/maven-resources-plugin/3.3.1/maven-resources-plugin-3.3.1.jar
2024-11-23 12:51:48,664 [Worker-11: Creating maven-archetype-quickstart] INFO  o.e.m.c.i.e.AbstractTransferListenerAdapter - Downloading https://repo.maven.apache.org/maven2/org/apache/maven/plugins/maven-compiler-plugin/3.13.0/maven-compiler-plugin-3.13.0.jar
2024-11-23 12:51:48,753 [Worker-11: Creating maven-archetype-quickstart] INFO  o.e.m.c.i.e.AbstractTransferListenerAdapter - Downloaded https://repo.maven.apache.org/maven2/org/apache/maven/plugins/maven-compiler-plugin/3.13.0/maven-compiler-plugin-3.13.0.jar
2024-11-23 12:51:48,834 [Worker-11: Creating maven-archetype-quickstart] INFO  o.e.m.c.i.e.AbstractTransferListenerAdapter - Downloading https://repo.maven.apache.org/maven2/org/apache/maven/plugins/maven-surefire-plugin/3.3.0/maven-surefire-plugin-3.3.0.jar
2024-11-23 12:51:48,912 [Worker-11: Creating maven-archetype-quickstart] INFO  o.e.m.c.i.e.AbstractTransferListenerAdapter - Downloaded https://repo.maven.apache.org/maven2/org/apache/maven/plugins/maven-surefire-plugin/3.3.0/maven-surefire-plugin-3.3.0.jar
2024-11-23 12:51:48,974 [Worker-11: Creating maven-archetype-quickstart] INFO  o.e.m.c.i.e.AbstractTransferListenerAdapter - Downloading https://repo.maven.apache.org/maven2/org/apache/maven/plugins/maven-jar-plugin/3.4.2/maven-jar-plugin-3.4.2.jar
2024-11-23 12:51:49,056 [Worker-11: Creating maven-archetype-quickstart] INFO  o.e.m.c.i.e.AbstractTransferListenerAdapter - Downloaded https://repo.maven.apache.org/maven2/org/apache/maven/plugins/maven-jar-plugin/3.4.2/maven-jar-plugin-3.4.2.jar
2024-11-23 12:51:49,109 [Worker-11: Creating maven-archetype-quickstart] INFO  o.e.m.c.i.e.AbstractTransferListenerAdapter - Downloading https://repo.maven.apache.org/maven2/org/apache/maven/plugins/maven-install-plugin/3.1.2/maven-install-plugin-3.1.2.jar
2024-11-23 12:51:49,181 [Worker-11: Creating maven-archetype-quickstart] INFO  o.e.m.c.i.e.AbstractTransferListenerAdapter - Downloaded https://repo.maven.apache.org/maven2/org/apache/maven/plugins/maven-install-plugin/3.1.2/maven-install-plugin-3.1.2.jar
2024-11-23 12:51:49,240 [Worker-11: Creating maven-archetype-quickstart] INFO  o.e.m.c.i.e.AbstractTransferListenerAdapter - Downloading https://repo.maven.apache.org/maven2/org/apache/maven/plugins/maven-deploy-plugin/3.1.2/maven-deploy-plugin-3.1.2.jar
2024-11-23 12:51:49,315 [Worker-11: Creating maven-archetype-quickstart] INFO  o.e.m.c.i.e.AbstractTransferListenerAdapter - Downloaded https://repo.maven.apache.org/maven2/org/apache/maven/plugins/maven-deploy-plugin/3.1.2/maven-deploy-plugin-3.1.2.jar
2024-11-23 12:51:49,377 [Worker-11: Creating maven-archetype-quickstart] INFO  o.e.m.c.i.e.AbstractTransferListenerAdapter - Downloading https://repo.maven.apache.org/maven2/org/apache/maven/plugins/maven-site-plugin/3.12.1/maven-site-plugin-3.12.1.jar
2024-11-23 12:51:49,500 [Worker-11: Creating maven-archetype-quickstart] INFO  o.e.m.c.i.e.AbstractTransferListenerAdapter - Downloaded https://repo.maven.apache.org/maven2/org/apache/maven/plugins/maven-site-plugin/3.12.1/maven-site-plugin-3.12.1.jar
2024-11-23 12:51:49,566 [Worker-11: Creating maven-archetype-quickstart] INFO  o.e.m.c.i.e.AbstractTransferListenerAdapter - Downloading https://repo.maven.apache.org/maven2/org/apache/maven/plugins/maven-compiler-plugin/3.13.0/maven-compiler-plugin-3.13.0.pom
2024-11-23 12:51:49,633 [Worker-11: Creating maven-archetype-quickstart] INFO  o.e.m.c.i.e.AbstractTransferListenerAdapter - Downloaded https://repo.maven.apache.org/maven2/org/apache/maven/plugins/maven-compiler-plugin/3.13.0/maven-compiler-plugin-3.13.0.pom
2024-11-23 12:51:49,762 [Worker-11: Creating maven-archetype-quickstart] INFO  o.e.m.c.i.e.AbstractTransferListenerAdapter - Downloading https://repo.maven.apache.org/maven2/org/apache/maven/plugins/maven-plugins/41/maven-plugins-41.pom
2024-11-23 12:51:49,847 [Worker-11: Creating maven-archetype-quickstart] INFO  o.e.m.c.i.e.AbstractTransferListenerAdapter - Downloaded https://repo.maven.apache.org/maven2/org/apache/maven/plugins/maven-plugins/41/maven-plugins-41.pom
2024-11-23 12:51:49,927 [Worker-11: Creating maven-archetype-quickstart] INFO  o.e.m.c.i.e.AbstractTransferListenerAdapter - Downloading https://repo.maven.apache.org/maven2/org/apache/maven/maven-parent/41/maven-parent-41.pom
2024-11-23 12:51:49,993 [Worker-11: Creating maven-archetype-quickstart] INFO  o.e.m.c.i.e.AbstractTransferListenerAdapter - Downloaded https://repo.maven.apache.org/maven2/org/apache/maven/maven-parent/41/maven-parent-41.pom
2024-11-23 12:51:50,064 [Worker-11: Creating maven-archetype-quickstart] INFO  o.e.m.c.i.e.AbstractTransferListenerAdapter - Downloading https://repo.maven.apache.org/maven2/org/apache/apache/31/apache-31.pom
2024-11-23 12:51:50,117 [Worker-11: Creating maven-archetype-quickstart] INFO  o.e.m.c.i.e.AbstractTransferListenerAdapter - Downloaded https://repo.maven.apache.org/maven2/org/apache/apache/31/apache-31.pom
2024-11-23 12:51:50,319 [Worker-11: Creating maven-archetype-quickstart] INFO  o.e.m.c.i.e.AbstractTransferListenerAdapter - Downloading https://repo.maven.apache.org/maven2/org/apache/maven/shared/maven-shared-utils/3.4.2/maven-shared-utils-3.4.2.pom
2024-11-23 12:51:50,366 [Worker-11: Creating maven-archetype-quickstart] INFO  o.e.m.c.i.e.AbstractTransferListenerAdapter - Downloaded https://repo.maven.apache.org/maven2/org/apache/maven/shared/maven-shared-utils/3.4.2/maven-shared-utils-3.4.2.pom
2024-11-23 12:51:50,426 [Worker-11: Creating maven-archetype-quickstart] INFO  o.e.m.c.i.e.AbstractTransferListenerAdapter - Downloading https://repo.maven.apache.org/maven2/org/apache/maven/shared/maven-shared-components/39/maven-shared-components-39.pom
2024-11-23 12:51:50,475 [Worker-11: Creating maven-archetype-quickstart] INFO  o.e.m.c.i.e.AbstractTransferListenerAdapter - Downloaded https://repo.maven.apache.org/maven2/org/apache/maven/shared/maven-shared-components/39/maven-shared-components-39.pom
2024-11-23 12:51:50,533 [Worker-11: Creating maven-archetype-quickstart] INFO  o.e.m.c.i.e.AbstractTransferListenerAdapter - Downloading https://repo.maven.apache.org/maven2/org/apache/maven/maven-parent/39/maven-parent-39.pom
2024-11-23 12:51:50,593 [Worker-11: Creating maven-archetype-quickstart] INFO  o.e.m.c.i.e.AbstractTransferListenerAdapter - Downloaded https://repo.maven.apache.org/maven2/org/apache/maven/maven-parent/39/maven-parent-39.pom
2024-11-23 12:51:50,665 [Worker-11: Creating maven-archetype-quickstart] INFO  o.e.m.c.i.e.AbstractTransferListenerAdapter - Downloading https://repo.maven.apache.org/maven2/org/apache/apache/29/apache-29.pom
2024-11-23 12:51:50,715 [Worker-11: Creating maven-archetype-quickstart] INFO  o.e.m.c.i.e.AbstractTransferListenerAdapter - Downloaded https://repo.maven.apache.org/maven2/org/apache/apache/29/apache-29.pom
2024-11-23 12:51:50,916 [Worker-11: Creating maven-archetype-quickstart] INFO  o.e.m.c.i.e.AbstractTransferListenerAdapter - Downloading https://repo.maven.apache.org/maven2/org/codehaus/plexus/plexus-java/1.2.0/plexus-java-1.2.0.pom
2024-11-23 12:51:50,963 [Worker-11: Creating maven-archetype-quickstart] INFO  o.e.m.c.i.e.AbstractTransferListenerAdapter - Downloaded https://repo.maven.apache.org/maven2/org/codehaus/plexus/plexus-java/1.2.0/plexus-java-1.2.0.pom
2024-11-23 12:51:51,021 [Worker-11: Creating maven-archetype-quickstart] INFO  o.e.m.c.i.e.AbstractTransferListenerAdapter - Downloading https://repo.maven.apache.org/maven2/org/codehaus/plexus/plexus-languages/1.2.0/plexus-languages-1.2.0.pom
2024-11-23 12:51:51,081 [Worker-11: Creating maven-archetype-quickstart] INFO  o.e.m.c.i.e.AbstractTransferListenerAdapter - Downloaded https://repo.maven.apache.org/maven2/org/codehaus/plexus/plexus-languages/1.2.0/plexus-languages-1.2.0.pom
2024-11-23 12:51:51,175 [Worker-11: Creating maven-archetype-quickstart] INFO  o.e.m.c.i.e.AbstractTransferListenerAdapter - Downloading https://repo.maven.apache.org/maven2/org/codehaus/plexus/plexus/15/plexus-15.pom
2024-11-23 12:51:51,233 [Worker-11: Creating maven-archetype-quickstart] INFO  o.e.m.c.i.e.AbstractTransferListenerAdapter - Downloaded https://repo.maven.apache.org/maven2/org/codehaus/plexus/plexus/15/plexus-15.pom
2024-11-23 12:51:51,323 [Worker-11: Creating maven-archetype-quickstart] INFO  o.e.m.c.i.e.AbstractTransferListenerAdapter - Downloading https://repo.maven.apache.org/maven2/org/ow2/asm/asm/9.6/asm-9.6.pom
2024-11-23 12:51:51,377 [Worker-11: Creating maven-archetype-quickstart] INFO  o.e.m.c.i.e.AbstractTransferListenerAdapter - Downloaded https://repo.maven.apache.org/maven2/org/ow2/asm/asm/9.6/asm-9.6.pom
2024-11-23 12:51:51,444 [Worker-11: Creating maven-archetype-quickstart] INFO  o.e.m.c.i.e.AbstractTransferListenerAdapter - Downloading https://repo.maven.apache.org/maven2/org/ow2/ow2/1.5.1/ow2-1.5.1.pom
2024-11-23 12:51:51,513 [Worker-11: Creating maven-archetype-quickstart] INFO  o.e.m.c.i.e.AbstractTransferListenerAdapter - Downloaded https://repo.maven.apache.org/maven2/org/ow2/ow2/1.5.1/ow2-1.5.1.pom
2024-11-23 12:51:51,591 [Worker-11: Creating maven-archetype-quickstart] INFO  o.e.m.c.i.e.AbstractTransferListenerAdapter - Downloading https://repo.maven.apache.org/maven2/com/thoughtworks/qdox/qdox/2.0.3/qdox-2.0.3.pom
2024-11-23 12:51:51,669 [Worker-11: Creating maven-archetype-quickstart] INFO  o.e.m.c.i.e.AbstractTransferListenerAdapter - Downloaded https://repo.maven.apache.org/maven2/com/thoughtworks/qdox/qdox/2.0.3/qdox-2.0.3.pom
2024-11-23 12:51:51,772 [Worker-11: Creating maven-archetype-quickstart] INFO  o.e.m.c.i.e.AbstractTransferListenerAdapter - Downloading https://repo.maven.apache.org/maven2/org/codehaus/plexus/plexus-compiler-api/2.15.0/plexus-compiler-api-2.15.0.pom
2024-11-23 12:51:51,832 [Worker-11: Creating maven-archetype-quickstart] INFO  o.e.m.c.i.e.AbstractTransferListenerAdapter - Downloaded https://repo.maven.apache.org/maven2/org/codehaus/plexus/plexus-compiler-api/2.15.0/plexus-compiler-api-2.15.0.pom
2024-11-23 12:51:51,916 [Worker-11: Creating maven-archetype-quickstart] INFO  o.e.m.c.i.e.AbstractTransferListenerAdapter - Downloading https://repo.maven.apache.org/maven2/org/codehaus/plexus/plexus-compiler/2.15.0/plexus-compiler-2.15.0.pom
2024-11-23 12:51:51,986 [Worker-11: Creating maven-archetype-quickstart] INFO  o.e.m.c.i.e.AbstractTransferListenerAdapter - Downloaded https://repo.maven.apache.org/maven2/org/codehaus/plexus/plexus-compiler/2.15.0/plexus-compiler-2.15.0.pom
2024-11-23 12:51:52,070 [Worker-11: Creating maven-archetype-quickstart] INFO  o.e.m.c.i.e.AbstractTransferListenerAdapter - Downloading https://repo.maven.apache.org/maven2/org/codehaus/plexus/plexus/17/plexus-17.pom
2024-11-23 12:51:52,125 [Worker-11: Creating maven-archetype-quickstart] INFO  o.e.m.c.i.e.AbstractTransferListenerAdapter - Downloaded https://repo.maven.apache.org/maven2/org/codehaus/plexus/plexus/17/plexus-17.pom
2024-11-23 12:51:52,182 [Worker-11: Creating maven-archetype-quickstart] INFO  o.e.m.c.i.e.AbstractTransferListenerAdapter - Downloading https://repo.maven.apache.org/maven2/org/junit/junit-bom/5.10.2/junit-bom-5.10.2.pom
2024-11-23 12:51:52,231 [Worker-11: Creating maven-archetype-quickstart] INFO  o.e.m.c.i.e.AbstractTransferListenerAdapter - Downloaded https://repo.maven.apache.org/maven2/org/junit/junit-bom/5.10.2/junit-bom-5.10.2.pom
2024-11-23 12:51:52,288 [Worker-11: Creating maven-archetype-quickstart] INFO  o.e.m.c.i.e.AbstractTransferListenerAdapter - Downloading https://repo.maven.apache.org/maven2/org/codehaus/plexus/plexus-utils/4.0.0/plexus-utils-4.0.0.pom
2024-11-23 12:51:52,341 [Worker-11: Creating maven-archetype-quickstart] INFO  o.e.m.c.i.e.AbstractTransferListenerAdapter - Downloaded https://repo.maven.apache.org/maven2/org/codehaus/plexus/plexus-utils/4.0.0/plexus-utils-4.0.0.pom
2024-11-23 12:51:52,396 [Worker-11: Creating maven-archetype-quickstart] INFO  o.e.m.c.i.e.AbstractTransferListenerAdapter - Downloading https://repo.maven.apache.org/maven2/org/codehaus/plexus/plexus/13/plexus-13.pom
2024-11-23 12:51:52,463 [Worker-11: Creating maven-archetype-quickstart] INFO  o.e.m.c.i.e.AbstractTransferListenerAdapter - Downloaded https://repo.maven.apache.org/maven2/org/codehaus/plexus/plexus/13/plexus-13.pom
2024-11-23 12:51:52,609 [Worker-11: Creating maven-archetype-quickstart] INFO  o.e.m.c.i.e.AbstractTransferListenerAdapter - Downloading https://repo.maven.apache.org/maven2/org/codehaus/plexus/plexus-compiler-manager/2.15.0/plexus-compiler-manager-2.15.0.pom
2024-11-23 12:51:52,659 [Worker-11: Creating maven-archetype-quickstart] INFO  o.e.m.c.i.e.AbstractTransferListenerAdapter - Downloaded https://repo.maven.apache.org/maven2/org/codehaus/plexus/plexus-compiler-manager/2.15.0/plexus-compiler-manager-2.15.0.pom
2024-11-23 12:51:52,729 [Worker-11: Creating maven-archetype-quickstart] INFO  o.e.m.c.i.e.AbstractTransferListenerAdapter - Downloading https://repo.maven.apache.org/maven2/org/codehaus/plexus/plexus-xml/3.0.0/plexus-xml-3.0.0.pom
2024-11-23 12:51:52,777 [Worker-11: Creating maven-archetype-quickstart] INFO  o.e.m.c.i.e.AbstractTransferListenerAdapter - Downloaded https://repo.maven.apache.org/maven2/org/codehaus/plexus/plexus-xml/3.0.0/plexus-xml-3.0.0.pom
2024-11-23 12:51:52,845 [Worker-11: Creating maven-archetype-quickstart] INFO  o.e.m.c.i.e.AbstractTransferListenerAdapter - Downloading https://repo.maven.apache.org/maven2/org/codehaus/plexus/plexus-compiler-javac/2.15.0/plexus-compiler-javac-2.15.0.pom
2024-11-23 12:51:52,902 [Worker-11: Creating maven-archetype-quickstart] INFO  o.e.m.c.i.e.AbstractTransferListenerAdapter - Downloaded https://repo.maven.apache.org/maven2/org/codehaus/plexus/plexus-compiler-javac/2.15.0/plexus-compiler-javac-2.15.0.pom
2024-11-23 12:51:52,989 [Worker-11: Creating maven-archetype-quickstart] INFO  o.e.m.c.i.e.AbstractTransferListenerAdapter - Downloading https://repo.maven.apache.org/maven2/org/codehaus/plexus/plexus-compilers/2.15.0/plexus-compilers-2.15.0.pom
2024-11-23 12:51:53,052 [Worker-11: Creating maven-archetype-quickstart] INFO  o.e.m.c.i.e.AbstractTransferListenerAdapter - Downloaded https://repo.maven.apache.org/maven2/org/codehaus/plexus/plexus-compilers/2.15.0/plexus-compilers-2.15.0.pom
2024-11-23 12:51:53,224 [AetherRepositoryConnector-repo.maven.apache.org-0-2] INFO  o.e.m.c.i.e.AbstractTransferListenerAdapter - Downloading https://repo.maven.apache.org/maven2/org/ow2/asm/asm/9.6/asm-9.6.jar
2024-11-23 12:51:53,271 [AetherRepositoryConnector-repo.maven.apache.org-0-1] INFO  o.e.m.c.i.e.AbstractTransferListenerAdapter - Downloading https://repo.maven.apache.org/maven2/org/codehaus/plexus/plexus-java/1.2.0/plexus-java-1.2.0.jar
2024-11-23 12:51:53,281 [AetherRepositoryConnector-repo.maven.apache.org-0-0] INFO  o.e.m.c.i.e.AbstractTransferListenerAdapter - Downloading https://repo.maven.apache.org/maven2/org/apache/maven/shared/maven-shared-utils/3.4.2/maven-shared-utils-3.4.2.jar
2024-11-23 12:51:53,281 [AetherRepositoryConnector-repo.maven.apache.org-0-3] INFO  o.e.m.c.i.e.AbstractTransferListenerAdapter - Downloading https://repo.maven.apache.org/maven2/com/thoughtworks/qdox/qdox/2.0.3/qdox-2.0.3.jar
2024-11-23 12:51:53,398 [AetherRepositoryConnector-repo.maven.apache.org-0-4] INFO  o.e.m.c.i.e.AbstractTransferListenerAdapter - Downloading https://repo.maven.apache.org/maven2/org/codehaus/plexus/plexus-compiler-api/2.15.0/plexus-compiler-api-2.15.0.jar
2024-11-23 12:51:53,546 [AetherRepositoryConnector-repo.maven.apache.org-0-2] INFO  o.e.m.c.i.e.AbstractTransferListenerAdapter - Downloaded https://repo.maven.apache.org/maven2/org/ow2/asm/asm/9.6/asm-9.6.jar
2024-11-23 12:51:53,566 [AetherRepositoryConnector-repo.maven.apache.org-0-4] INFO  o.e.m.c.i.e.AbstractTransferListenerAdapter - Downloaded https://repo.maven.apache.org/maven2/org/codehaus/plexus/plexus-compiler-api/2.15.0/plexus-compiler-api-2.15.0.jar
2024-11-23 12:51:53,572 [AetherRepositoryConnector-repo.maven.apache.org-0-1] INFO  o.e.m.c.i.e.AbstractTransferListenerAdapter - Downloaded https://repo.maven.apache.org/maven2/org/codehaus/plexus/plexus-java/1.2.0/plexus-java-1.2.0.jar
2024-11-23 12:51:53,593 [AetherRepositoryConnector-repo.maven.apache.org-0-0] INFO  o.e.m.c.i.e.AbstractTransferListenerAdapter - Downloaded https://repo.maven.apache.org/maven2/org/apache/maven/shared/maven-shared-utils/3.4.2/maven-shared-utils-3.4.2.jar
2024-11-23 12:51:53,612 [AetherRepositoryConnector-repo.maven.apache.org-0-2] INFO  o.e.m.c.i.e.AbstractTransferListenerAdapter - Downloading https://repo.maven.apache.org/maven2/org/codehaus/plexus/plexus-compiler-manager/2.15.0/plexus-compiler-manager-2.15.0.jar
2024-11-23 12:51:53,659 [AetherRepositoryConnector-repo.maven.apache.org-0-0] INFO  o.e.m.c.i.e.AbstractTransferListenerAdapter - Downloading https://repo.maven.apache.org/maven2/org/codehaus/plexus/plexus-utils/4.0.0/plexus-utils-4.0.0.jar
2024-11-23 12:51:53,659 [AetherRepositoryConnector-repo.maven.apache.org-0-1] INFO  o.e.m.c.i.e.AbstractTransferListenerAdapter - Downloading https://repo.maven.apache.org/maven2/org/codehaus/plexus/plexus-compiler-javac/2.15.0/plexus-compiler-javac-2.15.0.jar
2024-11-23 12:51:53,659 [AetherRepositoryConnector-repo.maven.apache.org-0-4] INFO  o.e.m.c.i.e.AbstractTransferListenerAdapter - Downloading https://repo.maven.apache.org/maven2/org/codehaus/plexus/plexus-xml/3.0.0/plexus-xml-3.0.0.jar
2024-11-23 12:51:53,681 [AetherRepositoryConnector-repo.maven.apache.org-0-3] INFO  o.e.m.c.i.e.AbstractTransferListenerAdapter - Downloaded https://repo.maven.apache.org/maven2/com/thoughtworks/qdox/qdox/2.0.3/qdox-2.0.3.jar
2024-11-23 12:51:53,845 [AetherRepositoryConnector-repo.maven.apache.org-0-2] INFO  o.e.m.c.i.e.AbstractTransferListenerAdapter - Downloaded https://repo.maven.apache.org/maven2/org/codehaus/plexus/plexus-compiler-manager/2.15.0/plexus-compiler-manager-2.15.0.jar
2024-11-23 12:51:53,853 [AetherRepositoryConnector-repo.maven.apache.org-0-1] INFO  o.e.m.c.i.e.AbstractTransferListenerAdapter - Downloaded https://repo.maven.apache.org/maven2/org/codehaus/plexus/plexus-compiler-javac/2.15.0/plexus-compiler-javac-2.15.0.jar
2024-11-23 12:51:53,906 [AetherRepositoryConnector-repo.maven.apache.org-0-4] INFO  o.e.m.c.i.e.AbstractTransferListenerAdapter - Downloaded https://repo.maven.apache.org/maven2/org/codehaus/plexus/plexus-xml/3.0.0/plexus-xml-3.0.0.jar
2024-11-23 12:51:53,949 [AetherRepositoryConnector-repo.maven.apache.org-0-0] INFO  o.e.m.c.i.e.AbstractTransferListenerAdapter - Downloaded https://repo.maven.apache.org/maven2/org/codehaus/plexus/plexus-utils/4.0.0/plexus-utils-4.0.0.jar
2024-11-23 12:51:54,309 [Worker-11: Creating maven-archetype-quickstart] INFO  o.e.m.c.i.l.LifecycleMappingFactory - Using org.eclipse.m2e.jdt.JarLifecycleMapping lifecycle mapping for MavenProject: fitpeoWebApplication:com.FitpeoWebApplication:0.0.1-SNAPSHOT @ C:\Users\HP\OneDrive\Desktop\Fitpeo\com.FitpeoWebApplication\pom.xml.
2024-11-23 12:51:54,427 [Worker-11: Creating maven-archetype-quickstart] INFO  o.e.m.c.i.e.AbstractTransferListenerAdapter - Downloading https://repo.maven.apache.org/maven2/org/junit/jupiter/junit-jupiter-api/5.11.0/junit-jupiter-api-5.11.0.pom
2024-11-23 12:51:54,501 [Worker-11: Creating maven-archetype-quickstart] INFO  o.e.m.c.i.e.AbstractTransferListenerAdapter - Downloaded https://repo.maven.apache.org/maven2/org/junit/jupiter/junit-jupiter-api/5.11.0/junit-jupiter-api-5.11.0.pom
2024-11-23 12:51:54,629 [Worker-11: Creating maven-archetype-quickstart] INFO  o.e.m.c.i.e.AbstractTransferListenerAdapter - Downloading https://repo.maven.apache.org/maven2/org/opentest4j/opentest4j/1.3.0/opentest4j-1.3.0.pom
2024-11-23 12:51:54,716 [Worker-11: Creating maven-archetype-quickstart] INFO  o.e.m.c.i.e.AbstractTransferListenerAdapter - Downloaded https://repo.maven.apache.org/maven2/org/opentest4j/opentest4j/1.3.0/opentest4j-1.3.0.pom
2024-11-23 12:51:54,826 [Worker-11: Creating maven-archetype-quickstart] INFO  o.e.m.c.i.e.AbstractTransferListenerAdapter - Downloading https://repo.maven.apache.org/maven2/org/junit/platform/junit-platform-commons/1.11.0/junit-platform-commons-1.11.0.pom
2024-11-23 12:51:54,895 [Worker-11: Creating maven-archetype-quickstart] INFO  o.e.m.c.i.e.AbstractTransferListenerAdapter - Downloaded https://repo.maven.apache.org/maven2/org/junit/platform/junit-platform-commons/1.11.0/junit-platform-commons-1.11.0.pom
2024-11-23 12:51:54,975 [Worker-11: Creating maven-archetype-quickstart] INFO  o.e.m.c.i.e.AbstractTransferListenerAdapter - Downloading https://repo.maven.apache.org/maven2/org/junit/jupiter/junit-jupiter-params/5.11.0/junit-jupiter-params-5.11.0.pom
2024-11-23 12:51:55,041 [Worker-11: Creating maven-archetype-quickstart] INFO  o.e.m.c.i.e.AbstractTransferListenerAdapter - Downloaded https://repo.maven.apache.org/maven2/org/junit/jupiter/junit-jupiter-params/5.11.0/junit-jupiter-params-5.11.0.pom
2024-11-23 12:51:55,125 [AetherRepositoryConnector-repo.maven.apache.org-1-0] INFO  o.e.m.c.i.e.AbstractTransferListenerAdapter - Downloading https://repo.maven.apache.org/maven2/org/junit/jupiter/junit-jupiter-api/5.11.0/junit-jupiter-api-5.11.0.jar
2024-11-23 12:51:55,265 [AetherRepositoryConnector-repo.maven.apache.org-1-1] INFO  o.e.m.c.i.e.AbstractTransferListenerAdapter - Downloading https://repo.maven.apache.org/maven2/org/opentest4j/opentest4j/1.3.0/opentest4j-1.3.0.jar
2024-11-23 12:51:55,265 [AetherRepositoryConnector-repo.maven.apache.org-1-2] INFO  o.e.m.c.i.e.AbstractTransferListenerAdapter - Downloading https://repo.maven.apache.org/maven2/org/junit/platform/junit-platform-commons/1.11.0/junit-platform-commons-1.11.0.jar
2024-11-23 12:51:55,265 [AetherRepositoryConnector-repo.maven.apache.org-1-3] INFO  o.e.m.c.i.e.AbstractTransferListenerAdapter - Downloading https://repo.maven.apache.org/maven2/org/junit/jupiter/junit-jupiter-params/5.11.0/junit-jupiter-params-5.11.0.jar
2024-11-23 12:51:55,462 [AetherRepositoryConnector-repo.maven.apache.org-1-1] INFO  o.e.m.c.i.e.AbstractTransferListenerAdapter - Downloaded https://repo.maven.apache.org/maven2/org/opentest4j/opentest4j/1.3.0/opentest4j-1.3.0.jar
2024-11-23 12:51:55,462 [AetherRepositoryConnector-repo.maven.apache.org-1-0] INFO  o.e.m.c.i.e.AbstractTransferListenerAdapter - Downloaded https://repo.maven.apache.org/maven2/org/junit/jupiter/junit-jupiter-api/5.11.0/junit-jupiter-api-5.11.0.jar
2024-11-23 12:51:55,546 [AetherRepositoryConnector-repo.maven.apache.org-1-2] INFO  o.e.m.c.i.e.AbstractTransferListenerAdapter - Downloaded https://repo.maven.apache.org/maven2/org/junit/platform/junit-platform-commons/1.11.0/junit-platform-commons-1.11.0.jar
2024-11-23 12:51:55,702 [AetherRepositoryConnector-repo.maven.apache.org-1-3] INFO  o.e.m.c.i.e.AbstractTransferListenerAdapter - Downloaded https://repo.maven.apache.org/maven2/org/junit/jupiter/junit-jupiter-params/5.11.0/junit-jupiter-params-5.11.0.jar
2024-11-23 12:51:55,864 [Worker-11: Creating maven-archetype-quickstart] INFO  o.e.m.c.i.l.LifecycleMappingFactory - Using org.eclipse.m2e.jdt.JarLifecycleMapping lifecycle mapping for MavenProject: fitpeoWebApplication:com.FitpeoWebApplication:0.0.1-SNAPSHOT @ C:\Users\HP\OneDrive\Desktop\Fitpeo\com.FitpeoWebApplication\pom.xml.
2024-11-23 12:51:56,010 [Worker-11: Creating maven-archetype-quickstart] INFO  o.e.m.c.i.e.AbstractTransferListenerAdapter - Downloading https://repo.maven.apache.org/maven2/org/apache/maven/plugins/maven-resources-plugin/3.3.1/maven-resources-plugin-3.3.1.pom
2024-11-23 12:51:56,079 [Worker-11: Creating maven-archetype-quickstart] INFO  o.e.m.c.i.e.AbstractTransferListenerAdapter - Downloaded https://repo.maven.apache.org/maven2/org/apache/maven/plugins/maven-resources-plugin/3.3.1/maven-resources-plugin-3.3.1.pom
2024-11-23 12:51:56,151 [Worker-11: Creating maven-archetype-quickstart] INFO  o.e.m.c.i.e.AbstractTransferListenerAdapter - Downloading https://repo.maven.apache.org/maven2/org/apache/maven/plugins/maven-plugins/39/maven-plugins-39.pom
2024-11-23 12:51:56,229 [Worker-11: Creating maven-archetype-quickstart] INFO  o.e.m.c.i.e.AbstractTransferListenerAdapter - Downloaded https://repo.maven.apache.org/maven2/org/apache/maven/plugins/maven-plugins/39/maven-plugins-39.pom
2024-11-23 12:51:56,484 [Worker-11: Creating maven-archetype-quickstart] INFO  o.e.m.c.i.e.AbstractTransferListenerAdapter - Downloading https://repo.maven.apache.org/maven2/org/codehaus/plexus/plexus-utils/3.5.1/plexus-utils-3.5.1.pom
2024-11-23 12:51:56,552 [Worker-11: Creating maven-archetype-quickstart] INFO  o.e.m.c.i.e.AbstractTransferListenerAdapter - Downloaded https://repo.maven.apache.org/maven2/org/codehaus/plexus/plexus-utils/3.5.1/plexus-utils-3.5.1.pom
2024-11-23 12:51:56,625 [Worker-11: Creating maven-archetype-quickstart] INFO  o.e.m.c.i.e.AbstractTransferListenerAdapter - Downloading https://repo.maven.apache.org/maven2/org/codehaus/plexus/plexus/10/plexus-10.pom
2024-11-23 12:51:56,714 [Worker-11: Creating maven-archetype-quickstart] INFO  o.e.m.c.i.e.AbstractTransferListenerAdapter - Downloaded https://repo.maven.apache.org/maven2/org/codehaus/plexus/plexus/10/plexus-10.pom
2024-11-23 12:51:56,811 [Worker-11: Creating maven-archetype-quickstart] INFO  o.e.m.c.i.e.AbstractTransferListenerAdapter - Downloading https://repo.maven.apache.org/maven2/org/apache/maven/shared/maven-filtering/3.3.1/maven-filtering-3.3.1.pom
2024-11-23 12:51:56,881 [Worker-11: Creating maven-archetype-quickstart] INFO  o.e.m.c.i.e.AbstractTransferListenerAdapter - Downloaded https://repo.maven.apache.org/maven2/org/apache/maven/shared/maven-filtering/3.3.1/maven-filtering-3.3.1.pom
2024-11-23 12:51:56,992 [Worker-11: Creating maven-archetype-quickstart] INFO  o.e.m.c.i.e.AbstractTransferListenerAdapter - Downloading https://repo.maven.apache.org/maven2/org/codehaus/plexus/plexus-utils/3.5.0/plexus-utils-3.5.0.pom
2024-11-23 12:51:57,090 [Worker-11: Creating maven-archetype-quickstart] INFO  o.e.m.c.i.e.AbstractTransferListenerAdapter - Downloaded https://repo.maven.apache.org/maven2/org/codehaus/plexus/plexus-utils/3.5.0/plexus-utils-3.5.0.pom
2024-11-23 12:51:57,165 [Worker-11: Creating maven-archetype-quickstart] INFO  o.e.m.c.i.e.AbstractTransferListenerAdapter - Downloading https://repo.maven.apache.org/maven2/org/apache/commons/commons-lang3/3.12.0/commons-lang3-3.12.0.pom
2024-11-23 12:51:57,238 [Worker-11: Creating maven-archetype-quickstart] INFO  o.e.m.c.i.e.AbstractTransferListenerAdapter - Downloaded https://repo.maven.apache.org/maven2/org/apache/commons/commons-lang3/3.12.0/commons-lang3-3.12.0.pom
2024-11-23 12:51:57,296 [Worker-15: Download sources and javadoc] INFO  o.e.m.c.i.e.AbstractTransferListenerAdapter - Downloading https://repo.maven.apache.org/maven2/org/junit/jupiter/junit-jupiter-api/5.11.0/junit-jupiter-api-5.11.0-sources.jar
2024-11-23 12:51:57,319 [Worker-11: Creating maven-archetype-quickstart] INFO  o.e.m.c.i.e.AbstractTransferListenerAdapter - Downloading https://repo.maven.apache.org/maven2/org/junit/junit-bom/5.7.1/junit-bom-5.7.1.pom
2024-11-23 12:51:57,391 [Worker-11: Creating maven-archetype-quickstart] INFO  o.e.m.c.i.e.AbstractTransferListenerAdapter - Downloaded https://repo.maven.apache.org/maven2/org/junit/junit-bom/5.7.1/junit-bom-5.7.1.pom
2024-11-23 12:51:57,561 [AetherRepositoryConnector-repo.maven.apache.org-2-2] INFO  o.e.m.c.i.e.AbstractTransferListenerAdapter - Downloading https://repo.maven.apache.org/maven2/org/apache/commons/commons-lang3/3.12.0/commons-lang3-3.12.0.jar
2024-11-23 12:51:57,564 [Worker-15: Download sources and javadoc] INFO  o.e.m.c.i.e.AbstractTransferListenerAdapter - Downloaded https://repo.maven.apache.org/maven2/org/junit/jupiter/junit-jupiter-api/5.11.0/junit-jupiter-api-5.11.0-sources.jar
2024-11-23 12:51:57,571 [Worker-15: Download sources and javadoc] INFO  o.e.m.j.internal.DownloadSourcesJob - Downloaded sources for org.junit.jupiter:junit-jupiter-api:5.11.0
2024-11-23 12:51:57,799 [AetherRepositoryConnector-repo.maven.apache.org-2-1] INFO  o.e.m.c.i.e.AbstractTransferListenerAdapter - Downloading https://repo.maven.apache.org/maven2/org/apache/maven/shared/maven-filtering/3.3.1/maven-filtering-3.3.1.jar
2024-11-23 12:51:57,800 [AetherRepositoryConnector-repo.maven.apache.org-2-0] INFO  o.e.m.c.i.e.AbstractTransferListenerAdapter - Downloading https://repo.maven.apache.org/maven2/org/codehaus/plexus/plexus-utils/3.5.1/plexus-utils-3.5.1.jar
2024-11-23 12:51:58,011 [Worker-15: Download sources and javadoc] INFO  o.e.m.c.i.e.AbstractTransferListenerAdapter - Downloading https://repo.maven.apache.org/maven2/org/opentest4j/opentest4j/1.3.0/opentest4j-1.3.0-sources.jar
2024-11-23 12:51:58,019 [AetherRepositoryConnector-repo.maven.apache.org-2-2] INFO  o.e.m.c.i.e.AbstractTransferListenerAdapter - Downloaded https://repo.maven.apache.org/maven2/org/apache/commons/commons-lang3/3.12.0/commons-lang3-3.12.0.jar
2024-11-23 12:51:58,024 [AetherRepositoryConnector-repo.maven.apache.org-2-1] INFO  o.e.m.c.i.e.AbstractTransferListenerAdapter - Downloaded https://repo.maven.apache.org/maven2/org/apache/maven/shared/maven-filtering/3.3.1/maven-filtering-3.3.1.jar
2024-11-23 12:51:58,100 [AetherRepositoryConnector-repo.maven.apache.org-2-0] INFO  o.e.m.c.i.e.AbstractTransferListenerAdapter - Downloaded https://repo.maven.apache.org/maven2/org/codehaus/plexus/plexus-utils/3.5.1/plexus-utils-3.5.1.jar
2024-11-23 12:51:58,141 [Worker-15: Download sources and javadoc] INFO  o.e.m.c.i.e.AbstractTransferListenerAdapter - Downloaded https://repo.maven.apache.org/maven2/org/opentest4j/opentest4j/1.3.0/opentest4j-1.3.0-sources.jar
2024-11-23 12:51:58,152 [Worker-15: Download sources and javadoc] INFO  o.e.m.j.internal.DownloadSourcesJob - Downloaded sources for org.opentest4j:opentest4j:1.3.0
2024-11-23 12:51:58,232 [Worker-11: Creating maven-archetype-quickstart] INFO  o.e.m.j.i.AbstractJavaProjectConfigurator - Adding source folder /com.FitpeoWebApplication/src/main/java
2024-11-23 12:51:58,242 [Worker-11: Creating maven-archetype-quickstart] INFO  o.e.m.j.i.AbstractJavaProjectConfigurator - Adding source folder /com.FitpeoWebApplication/src/test/java
2024-11-23 12:51:58,435 [Worker-15: Download sources and javadoc] INFO  o.e.m.c.i.e.AbstractTransferListenerAdapter - Downloading https://repo.maven.apache.org/maven2/org/junit/platform/junit-platform-commons/1.11.0/junit-platform-commons-1.11.0-sources.jar
2024-11-23 12:51:58,580 [Worker-15: Download sources and javadoc] INFO  o.e.m.c.i.e.AbstractTransferListenerAdapter - Downloaded https://repo.maven.apache.org/maven2/org/junit/platform/junit-platform-commons/1.11.0/junit-platform-commons-1.11.0-sources.jar
2024-11-23 12:51:58,590 [Worker-15: Download sources and javadoc] INFO  o.e.m.j.internal.DownloadSourcesJob - Downloaded sources for org.junit.platform:junit-platform-commons:1.11.0
2024-11-23 12:51:58,792 [Worker-11: Creating maven-archetype-quickstart] INFO  o.e.m.c.i.p.ProjectConfigurationManager - Imported and configured 1 project(s) in 12 sec
2024-11-23 12:51:58,852 [Worker-15: Download sources and javadoc] INFO  o.e.m.c.i.e.AbstractTransferListenerAdapter - Downloading https://repo.maven.apache.org/maven2/org/junit/jupiter/junit-jupiter-params/5.11.0/junit-jupiter-params-5.11.0-sources.jar
2024-11-23 12:51:59,020 [Worker-15: Download sources and javadoc] INFO  o.e.m.c.i.e.AbstractTransferListenerAdapter - Downloaded https://repo.maven.apache.org/maven2/org/junit/jupiter/junit-jupiter-params/5.11.0/junit-jupiter-params-5.11.0-sources.jar
2024-11-23 12:51:59,060 [Worker-15: Download sources and javadoc] INFO  o.e.m.j.internal.DownloadSourcesJob - Downloaded sources for org.junit.jupiter:junit-jupiter-params:5.11.0
2024-11-23 12:51:59,074 [Worker-15: Download sources and javadoc] INFO  o.e.m.j.internal.DownloadSourcesJob - Downloaded sources for org.junit.jupiter:junit-jupiter-params:5.11.0
2024-11-23 12:51:59,343 [Worker-11: Building] INFO  o.a.m.s.f.DefaultMavenResourcesFiltering - skip non existing resourceDirectory C:\Users\HP\OneDrive\Desktop\Fitpeo\com.FitpeoWebApplication\src\main\resources
2024-11-23 12:51:59,347 [Worker-11: Building] INFO  o.a.m.s.f.DefaultMavenResourcesFiltering - skip non existing resourceDirectory C:\Users\HP\OneDrive\Desktop\Fitpeo\com.FitpeoWebApplication\src\test\resources
2024-11-23 12:52:48,828 [Worker-11: Building] INFO  o.a.m.s.f.DefaultMavenResourcesFiltering - skip non existing resourceDirectory C:\Users\HP\OneDrive\Desktop\Fitpeo\com.FitpeoWebApplication\src\main\resources
2024-11-23 12:52:48,832 [Worker-11: Building] INFO  o.a.m.s.f.DefaultMavenResourcesFiltering - skip non existing resourceDirectory C:\Users\HP\OneDrive\Desktop\Fitpeo\com.FitpeoWebApplication\src\test\resources
2024-11-23 12:53:52,601 [Worker-11: Building] INFO  o.a.m.s.f.DefaultMavenResourcesFiltering - skip non existing resourceDirectory C:\Users\HP\OneDrive\Desktop\Fitpeo\com.FitpeoWebApplication\src\main\resources
2024-11-23 12:53:52,607 [Worker-11: Building] INFO  o.a.m.s.f.DefaultMavenResourcesFiltering - skip non existing resourceDirectory C:\Users\HP\OneDrive\Desktop\Fitpeo\com.FitpeoWebApplication\src\test\resources
2024-11-23 12:55:07,280 [Worker-11: Building] INFO  o.a.m.s.f.DefaultMavenResourcesFiltering - skip non existing resourceDirectory C:\Users\HP\OneDrive\Desktop\Fitpeo\com.FitpeoWebApplication\src\main\resources
2024-11-23 12:55:07,282 [Worker-11: Building] INFO  o.a.m.s.f.DefaultMavenResourcesFiltering - skip non existing resourceDirectory C:\Users\HP\OneDrive\Desktop\Fitpeo\com.FitpeoWebApplication\src\test\resources
2024-11-23 12:58:16,911 [Worker-18: Building] INFO  o.e.m.c.i.l.LifecycleMappingFactory - Using org.eclipse.m2e.jdt.JarLifecycleMapping lifecycle mapping for MavenProject: fitpeoWebApplication:com.FitpeoWebApplication:0.0.1-SNAPSHOT @ C:\Users\HP\OneDrive\Desktop\Fitpeo\FitpeoWebApplication\pom.xml.
2024-11-23 12:58:17,004 [Worker-18: Building] INFO  o.a.m.s.f.DefaultMavenResourcesFiltering - skip non existing resourceDirectory C:\Users\HP\OneDrive\Desktop\Fitpeo\FitpeoWebApplication\src\main\resources
2024-11-23 12:58:17,007 [Worker-18: Building] INFO  o.a.m.s.f.DefaultMavenResourcesFiltering - skip non existing resourceDirectory C:\Users\HP\OneDrive\Desktop\Fitpeo\FitpeoWebApplication\src\test\resources
2024-11-23 12:58:18,274 [Worker-20: Building] INFO  o.a.m.s.f.DefaultMavenResourcesFiltering - skip non existing resourceDirectory C:\Users\HP\OneDrive\Desktop\Fitpeo\FitpeoWebApplication\src\main\resources
2024-11-23 12:58:18,278 [Worker-20: Building] INFO  o.a.m.s.f.DefaultMavenResourcesFiltering - skip non existing resourceDirectory C:\Users\HP\OneDrive\Desktop\Fitpeo\FitpeoWebApplication\src\test\resources
2024-11-23 13:01:00,847 [Worker-21: Building] INFO  o.a.m.s.f.DefaultMavenResourcesFiltering - skip non existing resourceDirectory C:\Users\HP\OneDrive\Desktop\Fitpeo\FitpeoWebApplication\src\main\resources
2024-11-23 13:01:00,857 [Worker-21: Building] INFO  o.a.m.s.f.DefaultMavenResourcesFiltering - skip non existing resourceDirectory C:\Users\HP\OneDrive\Desktop\Fitpeo\FitpeoWebApplication\src\test\resources
2024-11-23 13:01:45,610 [Worker-22: Building] INFO  o.a.m.s.f.DefaultMavenResourcesFiltering - skip non existing resourceDirectory C:\Users\HP\OneDrive\Desktop\Fitpeo\FitpeoWebApplication\src\main\resources
2024-11-23 13:01:45,615 [Worker-22: Building] INFO  o.a.m.s.f.DefaultMavenResourcesFiltering - skip non existing resourceDirectory C:\Users\HP\OneDrive\Desktop\Fitpeo\FitpeoWebApplication\src\test\resources
2024-11-23 13:04:06,819 [Worker-22: Building] INFO  o.a.m.s.f.DefaultMavenResourcesFiltering - skip non existing resourceDirectory C:\Users\HP\OneDrive\Desktop\Fitpeo\FitpeoWebApplication\src\main\resources
2024-11-23 13:04:06,834 [Worker-22: Building] INFO  o.a.m.s.f.DefaultMavenResourcesFiltering - skip non existing resourceDirectory C:\Users\HP\OneDrive\Desktop\Fitpeo\FitpeoWebApplication\src\test\resources
2024-11-23 13:05:18,148 [Worker-22: Building] INFO  o.a.m.s.f.DefaultMavenResourcesFiltering - skip non existing resourceDirectory C:\Users\HP\OneDrive\Desktop\Fitpeo\FitpeoWebApplication\src\main\resources
2024-11-23 13:05:18,154 [Worker-22: Building] INFO  o.a.m.s.f.DefaultMavenResourcesFiltering - skip non existing resourceDirectory C:\Users\HP\OneDrive\Desktop\Fitpeo\FitpeoWebApplication\src\test\resources
2024-11-23 13:05:27,631 [Worker-24: Building] INFO  o.a.m.s.f.DefaultMavenResourcesFiltering - skip non existing resourceDirectory C:\Users\HP\OneDrive\Desktop\Fitpeo\FitpeoWebApplication\src\main\resources
2024-11-23 13:05:27,634 [Worker-24: Building] INFO  o.a.m.s.f.DefaultMavenResourcesFiltering - skip non existing resourceDirectory C:\Users\HP\OneDrive\Desktop\Fitpeo\FitpeoWebApplication\src\test\resources
2024-11-23 13:12:11,632 [Worker-23: Building] INFO  o.a.m.s.f.DefaultMavenResourcesFiltering - skip non existing resourceDirectory C:\Users\HP\OneDrive\Desktop\Fitpeo\FitpeoWebApplication\src\main\resources
2024-11-23 13:12:11,634 [Worker-23: Building] INFO  o.a.m.s.f.DefaultMavenResourcesFiltering - skip non existing resourceDirectory C:\Users\HP\OneDrive\Desktop\Fitpeo\FitpeoWebApplication\src\test\resources
2024-11-23 13:12:47,773 [Worker-27: Building] INFO  o.a.m.s.f.DefaultMavenResourcesFiltering - skip non existing resourceDirectory C:\Users\HP\OneDrive\Desktop\Fitpeo\FitpeoWebApplication\src\main\resources
2024-11-23 13:12:47,776 [Worker-27: Building] INFO  o.a.m.s.f.DefaultMavenResourcesFiltering - skip non existing resourceDirectory C:\Users\HP\OneDrive\Desktop\Fitpeo\FitpeoWebApplication\src\test\resources
2024-11-23 13:20:26,659 [Worker-28: Building] INFO  o.a.m.s.f.DefaultMavenResourcesFiltering - skip non existing resourceDirectory C:\Users\HP\OneDrive\Desktop\Fitpeo\FitpeoWebApplication\src\main\resources
2024-11-23 13:20:26,661 [Worker-28: Building] INFO  o.a.m.s.f.DefaultMavenResourcesFiltering - skip non existing resourceDirectory C:\Users\HP\OneDrive\Desktop\Fitpeo\FitpeoWebApplication\src\test\resources
2024-11-23 13:21:17,074 [Worker-28: Building] INFO  o.a.m.s.f.DefaultMavenResourcesFiltering - skip non existing resourceDirectory C:\Users\HP\OneDrive\Desktop\Fitpeo\FitpeoWebApplication\src\main\resources
2024-11-23 13:21:17,076 [Worker-28: Building] INFO  o.a.m.s.f.DefaultMavenResourcesFiltering - skip non existing resourceDirectory C:\Users\HP\OneDrive\Desktop\Fitpeo\FitpeoWebApplication\src\test\resources
2024-11-23 13:23:19,164 [Worker-30: Launching BaseTest] INFO  o.a.m.s.f.DefaultMavenResourcesFiltering - skip non existing resourceDirectory C:\Users\HP\OneDrive\Desktop\Fitpeo\FitpeoWebApplication\src\main\resources
2024-11-23 13:23:19,169 [Worker-30: Launching BaseTest] INFO  o.a.m.s.f.DefaultMavenResourcesFiltering - skip non existing resourceDirectory C:\Users\HP\OneDrive\Desktop\Fitpeo\FitpeoWebApplication\src\test\resources
2024-11-23 13:24:26,367 [Worker-29: Launching BaseTest] INFO  o.a.m.s.f.DefaultMavenResourcesFiltering - skip non existing resourceDirectory C:\Users\HP\OneDrive\Desktop\Fitpeo\FitpeoWebApplication\src\main\resources
2024-11-23 13:24:26,371 [Worker-29: Launching BaseTest] INFO  o.a.m.s.f.DefaultMavenResourcesFiltering - skip non existing resourceDirectory C:\Users\HP\OneDrive\Desktop\Fitpeo\FitpeoWebApplication\src\test\resources
2024-11-23 13:26:03,972 [Worker-29: Building] INFO  o.a.m.s.f.DefaultMavenResourcesFiltering - skip non existing resourceDirectory C:\Users\HP\OneDrive\Desktop\Fitpeo\FitpeoWebApplication\src\main\resources
2024-11-23 13:26:03,992 [Worker-29: Building] INFO  o.a.m.s.f.DefaultMavenResourcesFiltering - skip non existing resourceDirectory C:\Users\HP\OneDrive\Desktop\Fitpeo\FitpeoWebApplication\src\test\resources
2024-11-23 13:28:19,789 [Worker-28: Building] INFO  o.a.m.s.f.DefaultMavenResourcesFiltering - skip non existing resourceDirectory C:\Users\HP\OneDrive\Desktop\Fitpeo\FitpeoWebApplication\src\main\resources
2024-11-23 13:28:19,792 [Worker-28: Building] INFO  o.a.m.s.f.DefaultMavenResourcesFiltering - skip non existing resourceDirectory C:\Users\HP\OneDrive\Desktop\Fitpeo\FitpeoWebApplication\src\test\resources
2024-11-23 13:30:41,749 [Worker-39: Building] INFO  o.a.m.s.f.DefaultMavenResourcesFiltering - skip non existing resourceDirectory C:\Users\HP\OneDrive\Desktop\Fitpeo\FitpeoWebApplication\src\main\resources
2024-11-23 13:30:41,752 [Worker-39: Building] INFO  o.a.m.s.f.DefaultMavenResourcesFiltering - skip non existing resourceDirectory C:\Users\HP\OneDrive\Desktop\Fitpeo\FitpeoWebApplication\src\test\resources
2024-11-23 13:32:24,140 [Worker-39: Launching Tasks] INFO  o.a.m.s.f.DefaultMavenResourcesFiltering - skip non existing resourceDirectory C:\Users\HP\OneDrive\Desktop\Fitpeo\FitpeoWebApplication\src\main\resources
2024-11-23 13:32:24,142 [Worker-39: Launching Tasks] INFO  o.a.m.s.f.DefaultMavenResourcesFiltering - skip non existing resourceDirectory C:\Users\HP\OneDrive\Desktop\Fitpeo\FitpeoWebApplication\src\test\resources
2024-11-24 11:45:23,677 [Worker-5: Loading available Gradle versions] INFO  o.e.b.c.i.u.g.PublishedGradleVersions - Gradle version information cache is up-to-date. Trying to read.
2024-11-24 12:00:23,049 [Worker-11: Launching Tasks] INFO  o.a.m.s.f.DefaultMavenResourcesFiltering - skip non existing resourceDirectory C:\Users\HP\OneDrive\Desktop\Fitpeo\FitpeoWebApplication\src\main\resources
2024-11-24 12:00:23,055 [Worker-11: Launching Tasks] INFO  o.a.m.s.f.DefaultMavenResourcesFiltering - skip non existing resourceDirectory C:\Users\HP\OneDrive\Desktop\Fitpeo\FitpeoWebApplication\src\test\resources
2024-11-24 12:01:23,403 [Worker-15: Launching Tasks] INFO  o.a.m.s.f.DefaultMavenResourcesFiltering - skip non existing resourceDirectory C:\Users\HP\OneDrive\Desktop\Fitpeo\FitpeoWebApplication\src\main\resources
2024-11-24 12:01:23,409 [Worker-15: Launching Tasks] INFO  o.a.m.s.f.DefaultMavenResourcesFiltering - skip non existing resourceDirectory C:\Users\HP\OneDrive\Desktop\Fitpeo\FitpeoWebApplication\src\test\resources
2024-11-24 12:15:32,905 [Worker-23: Launching Tasks] INFO  o.a.m.s.f.DefaultMavenResourcesFiltering - skip non existing resourceDirectory C:\Users\HP\OneDrive\Desktop\Fitpeo\FitpeoWebApplication\src\main\resources
2024-11-24 12:15:32,910 [Worker-23: Launching Tasks] INFO  o.a.m.s.f.DefaultMavenResourcesFiltering - skip non existing resourceDirectory C:\Users\HP\OneDrive\Desktop\Fitpeo\FitpeoWebApplication\src\test\resources
2024-11-24 12:18:34,360 [Worker-26: Launching Tasks] INFO  o.a.m.s.f.DefaultMavenResourcesFiltering - skip non existing resourceDirectory C:\Users\HP\OneDrive\Desktop\Fitpeo\FitpeoWebApplication\src\main\resources
2024-11-24 12:18:34,364 [Worker-26: Launching Tasks] INFO  o.a.m.s.f.DefaultMavenResourcesFiltering - skip non existing resourceDirectory C:\Users\HP\OneDrive\Desktop\Fitpeo\FitpeoWebApplication\src\test\resources
2024-11-24 12:24:55,759 [Worker-33: Launching Tasks] INFO  o.a.m.s.f.DefaultMavenResourcesFiltering - skip non existing resourceDirectory C:\Users\HP\OneDrive\Desktop\Fitpeo\FitpeoWebApplication\src\main\resources
2024-11-24 12:24:55,762 [Worker-33: Launching Tasks] INFO  o.a.m.s.f.DefaultMavenResourcesFiltering - skip non existing resourceDirectory C:\Users\HP\OneDrive\Desktop\Fitpeo\FitpeoWebApplication\src\test\resources
2024-11-24 12:32:43,973 [Worker-36: Launching Tasks] INFO  o.a.m.s.f.DefaultMavenResourcesFiltering - skip non existing resourceDirectory C:\Users\HP\OneDrive\Desktop\Fitpeo\FitpeoWebApplication\src\main\resources
2024-11-24 12:32:43,976 [Worker-36: Launching Tasks] INFO  o.a.m.s.f.DefaultMavenResourcesFiltering - skip non existing resourceDirectory C:\Users\HP\OneDrive\Desktop\Fitpeo\FitpeoWebApplication\src\test\resources
2024-11-24 12:40:28,786 [Worker-41: Launching Tasks] INFO  o.a.m.s.f.DefaultMavenResourcesFiltering - skip non existing resourceDirectory C:\Users\HP\OneDrive\Desktop\Fitpeo\FitpeoWebApplication\src\main\resources
2024-11-24 12:40:28,789 [Worker-41: Launching Tasks] INFO  o.a.m.s.f.DefaultMavenResourcesFiltering - skip non existing resourceDirectory C:\Users\HP\OneDrive\Desktop\Fitpeo\FitpeoWebApplication\src\test\resources
2024-11-24 18:36:30,735 [Worker-3: Loading available Gradle versions] INFO  o.e.b.c.i.u.g.PublishedGradleVersions - Gradle version information cache is out-of-date. Trying to update.
2024-11-24 18:56:42,370 [Worker-15: Launching Tasks] INFO  o.a.m.s.f.DefaultMavenResourcesFiltering - skip non existing resourceDirectory C:\Users\HP\OneDrive\Desktop\Fitpeo\FitpeoWebApplication\src\main\resources
2024-11-24 18:56:42,378 [Worker-15: Launching Tasks] INFO  o.a.m.s.f.DefaultMavenResourcesFiltering - skip non existing resourceDirectory C:\Users\HP\OneDrive\Desktop\Fitpeo\FitpeoWebApplication\src\test\resources
2024-11-24 18:59:41,558 [Worker-14: Launching Tasks] INFO  o.a.m.s.f.DefaultMavenResourcesFiltering - skip non existing resourceDirectory C:\Users\HP\OneDrive\Desktop\Fitpeo\FitpeoWebApplication\src\main\resources
2024-11-24 18:59:41,562 [Worker-14: Launching Tasks] INFO  o.a.m.s.f.DefaultMavenResourcesFiltering - skip non existing resourceDirectory C:\Users\HP\OneDrive\Desktop\Fitpeo\FitpeoWebApplication\src\test\resources
2024-11-24 19:03:34,720 [Worker-20: Launching Tasks] INFO  o.a.m.s.f.DefaultMavenResourcesFiltering - skip non existing resourceDirectory C:\Users\HP\OneDrive\Desktop\Fitpeo\FitpeoWebApplication\src\main\resources
2024-11-24 19:03:34,723 [Worker-20: Launching Tasks] INFO  o.a.m.s.f.DefaultMavenResourcesFiltering - skip non existing resourceDirectory C:\Users\HP\OneDrive\Desktop\Fitpeo\FitpeoWebApplication\src\test\resources
2024-11-24 19:11:57,488 [Worker-26: Launching Tasks] INFO  o.a.m.s.f.DefaultMavenResourcesFiltering - skip non existing resourceDirectory C:\Users\HP\OneDrive\Desktop\Fitpeo\FitpeoWebApplication\src\main\resources
2024-11-24 19:11:57,491 [Worker-26: Launching Tasks] INFO  o.a.m.s.f.DefaultMavenResourcesFiltering - skip non existing resourceDirectory C:\Users\HP\OneDrive\Desktop\Fitpeo\FitpeoWebApplication\src\test\resources
2024-11-24 19:35:10,643 [Worker-32: Launching Tasks] INFO  o.a.m.s.f.DefaultMavenResourcesFiltering - skip non existing resourceDirectory C:\Users\HP\OneDrive\Desktop\Fitpeo\FitpeoWebApplication\src\main\resources
2024-11-24 19:35:10,647 [Worker-32: Launching Tasks] INFO  o.a.m.s.f.DefaultMavenResourcesFiltering - skip non existing resourceDirectory C:\Users\HP\OneDrive\Desktop\Fitpeo\FitpeoWebApplication\src\test\resources
2024-11-24 19:37:43,487 [Worker-38: Launching Tasks] INFO  o.a.m.s.f.DefaultMavenResourcesFiltering - skip non existing resourceDirectory C:\Users\HP\OneDrive\Desktop\Fitpeo\FitpeoWebApplication\src\main\resources
2024-11-24 19:37:43,490 [Worker-38: Launching Tasks] INFO  o.a.m.s.f.DefaultMavenResourcesFiltering - skip non existing resourceDirectory C:\Users\HP\OneDrive\Desktop\Fitpeo\FitpeoWebApplication\src\test\resources
2024-11-24 19:40:59,111 [Worker-43: Launching Tasks] INFO  o.a.m.s.f.DefaultMavenResourcesFiltering - skip non existing resourceDirectory C:\Users\HP\OneDrive\Desktop\Fitpeo\FitpeoWebApplication\src\main\resources
2024-11-24 19:40:59,118 [Worker-43: Launching Tasks] INFO  o.a.m.s.f.DefaultMavenResourcesFiltering - skip non existing resourceDirectory C:\Users\HP\OneDrive\Desktop\Fitpeo\FitpeoWebApplication\src\test\resources
2024-11-24 19:46:36,522 [Worker-43: Launching Tasks] INFO  o.a.m.s.f.DefaultMavenResourcesFiltering - skip non existing resourceDirectory C:\Users\HP\OneDrive\Desktop\Fitpeo\FitpeoWebApplication\src\main\resources
2024-11-24 19:46:36,528 [Worker-43: Launching Tasks] INFO  o.a.m.s.f.DefaultMavenResourcesFiltering - skip non existing resourceDirectory C:\Users\HP\OneDrive\Desktop\Fitpeo\FitpeoWebApplication\src\test\resources
2024-11-24 19:50:03,748 [Worker-51: Launching Tasks] INFO  o.a.m.s.f.DefaultMavenResourcesFiltering - skip non existing resourceDirectory C:\Users\HP\OneDrive\Desktop\Fitpeo\FitpeoWebApplication\src\main\resources
2024-11-24 19:50:03,752 [Worker-51: Launching Tasks] INFO  o.a.m.s.f.DefaultMavenResourcesFiltering - skip non existing resourceDirectory C:\Users\HP\OneDrive\Desktop\Fitpeo\FitpeoWebApplication\src\test\resources
2024-11-25 10:41:08,382 [Worker-0: Loading available Gradle versions] INFO  o.e.b.c.i.u.g.PublishedGradleVersions - Gradle version information cache is up-to-date. Trying to read.
2024-11-25 10:48:08,509 [Worker-13: Launching Tasks] INFO  o.a.m.s.f.DefaultMavenResourcesFiltering - skip non existing resourceDirectory C:\Users\HP\OneDrive\Desktop\Fitpeo\FitpeoWebApplication\src\main\resources
2024-11-25 10:48:08,516 [Worker-13: Launching Tasks] INFO  o.a.m.s.f.DefaultMavenResourcesFiltering - skip non existing resourceDirectory C:\Users\HP\OneDrive\Desktop\Fitpeo\FitpeoWebApplication\src\test\resources
2024-11-25 10:52:07,821 [Worker-16: Launching Tasks] INFO  o.a.m.s.f.DefaultMavenResourcesFiltering - skip non existing resourceDirectory C:\Users\HP\OneDrive\Desktop\Fitpeo\FitpeoWebApplication\src\main\resources
2024-11-25 10:52:07,824 [Worker-16: Launching Tasks] INFO  o.a.m.s.f.DefaultMavenResourcesFiltering - skip non existing resourceDirectory C:\Users\HP\OneDrive\Desktop\Fitpeo\FitpeoWebApplication\src\test\resources
2024-11-25 10:55:11,357 [Worker-16: Launching Tasks] INFO  o.a.m.s.f.DefaultMavenResourcesFiltering - skip non existing resourceDirectory C:\Users\HP\OneDrive\Desktop\Fitpeo\FitpeoWebApplication\src\main\resources
2024-11-25 10:55:11,360 [Worker-16: Launching Tasks] INFO  o.a.m.s.f.DefaultMavenResourcesFiltering - skip non existing resourceDirectory C:\Users\HP\OneDrive\Desktop\Fitpeo\FitpeoWebApplication\src\test\resources
2024-11-25 11:05:08,421 [Worker-26: Launching Tasks] INFO  o.a.m.s.f.DefaultMavenResourcesFiltering - skip non existing resourceDirectory C:\Users\HP\OneDrive\Desktop\Fitpeo\FitpeoWebApplication\src\main\resources
2024-11-25 11:05:08,423 [Worker-26: Launching Tasks] INFO  o.a.m.s.f.DefaultMavenResourcesFiltering - skip non existing resourceDirectory C:\Users\HP\OneDrive\Desktop\Fitpeo\FitpeoWebApplication\src\test\resources
2024-11-25 11:09:13,412 [Worker-16: Launching Tasks] INFO  o.a.m.s.f.DefaultMavenResourcesFiltering - skip non existing resourceDirectory C:\Users\HP\OneDrive\Desktop\Fitpeo\FitpeoWebApplication\src\main\resources
2024-11-25 11:09:13,416 [Worker-16: Launching Tasks] INFO  o.a.m.s.f.DefaultMavenResourcesFiltering - skip non existing resourceDirectory C:\Users\HP\OneDrive\Desktop\Fitpeo\FitpeoWebApplication\src\test\resources
2024-11-25 11:11:45,892 [Worker-29: Launching Tasks] INFO  o.a.m.s.f.DefaultMavenResourcesFiltering - skip non existing resourceDirectory C:\Users\HP\OneDrive\Desktop\Fitpeo\FitpeoWebApplication\src\main\resources
2024-11-25 11:11:45,900 [Worker-29: Launching Tasks] INFO  o.a.m.s.f.DefaultMavenResourcesFiltering - skip non existing resourceDirectory C:\Users\HP\OneDrive\Desktop\Fitpeo\FitpeoWebApplication\src\test\resources
2024-11-25 11:13:28,741 [Worker-35: Launching Tasks] INFO  o.a.m.s.f.DefaultMavenResourcesFiltering - skip non existing resourceDirectory C:\Users\HP\OneDrive\Desktop\Fitpeo\FitpeoWebApplication\src\main\resources
2024-11-25 11:13:28,745 [Worker-35: Launching Tasks] INFO  o.a.m.s.f.DefaultMavenResourcesFiltering - skip non existing resourceDirectory C:\Users\HP\OneDrive\Desktop\Fitpeo\FitpeoWebApplication\src\test\resources
2024-11-25 11:19:15,972 [Worker-40: Launching Tasks] INFO  o.a.m.s.f.DefaultMavenResourcesFiltering - skip non existing resourceDirectory C:\Users\HP\OneDrive\Desktop\Fitpeo\FitpeoWebApplication\src\main\resources
2024-11-25 11:19:15,981 [Worker-40: Launching Tasks] INFO  o.a.m.s.f.DefaultMavenResourcesFiltering - skip non existing resourceDirectory C:\Users\HP\OneDrive\Desktop\Fitpeo\FitpeoWebApplication\src\test\resources
2024-11-25 11:20:59,401 [Worker-44: Launching Tasks] INFO  o.a.m.s.f.DefaultMavenResourcesFiltering - skip non existing resourceDirectory C:\Users\HP\OneDrive\Desktop\Fitpeo\FitpeoWebApplication\src\main\resources
2024-11-25 11:20:59,404 [Worker-44: Launching Tasks] INFO  o.a.m.s.f.DefaultMavenResourcesFiltering - skip non existing resourceDirectory C:\Users\HP\OneDrive\Desktop\Fitpeo\FitpeoWebApplication\src\test\resources
2024-11-25 11:26:20,336 [Worker-44: Launching Tasks] INFO  o.a.m.s.f.DefaultMavenResourcesFiltering - skip non existing resourceDirectory C:\Users\HP\OneDrive\Desktop\Fitpeo\FitpeoWebApplication\src\main\resources
2024-11-25 11:26:20,339 [Worker-44: Launching Tasks] INFO  o.a.m.s.f.DefaultMavenResourcesFiltering - skip non existing resourceDirectory C:\Users\HP\OneDrive\Desktop\Fitpeo\FitpeoWebApplication\src\test\resources
2024-11-25 11:43:16,613 [Worker-55: Launching Tasks] INFO  o.a.m.s.f.DefaultMavenResourcesFiltering - skip non existing resourceDirectory C:\Users\HP\OneDrive\Desktop\Fitpeo\FitpeoWebApplication\src\main\resources
2024-11-25 11:43:16,617 [Worker-55: Launching Tasks] INFO  o.a.m.s.f.DefaultMavenResourcesFiltering - skip non existing resourceDirectory C:\Users\HP\OneDrive\Desktop\Fitpeo\FitpeoWebApplication\src\test\resources
2024-11-25 11:46:32,122 [Worker-58: Launching Tasks] INFO  o.a.m.s.f.DefaultMavenResourcesFiltering - skip non existing resourceDirectory C:\Users\HP\OneDrive\Desktop\Fitpeo\FitpeoWebApplication\src\main\resources
2024-11-25 11:46:32,127 [Worker-58: Launching Tasks] INFO  o.a.m.s.f.DefaultMavenResourcesFiltering - skip non existing resourceDirectory C:\Users\HP\OneDrive\Desktop\Fitpeo\FitpeoWebApplication\src\test\resources
2024-11-25 11:51:53,746 [Worker-62: Launching Tasks] INFO  o.a.m.s.f.DefaultMavenResourcesFiltering - skip non existing resourceDirectory C:\Users\HP\OneDrive\Desktop\Fitpeo\FitpeoWebApplication\src\main\resources
2024-11-25 11:51:53,749 [Worker-62: Launching Tasks] INFO  o.a.m.s.f.DefaultMavenResourcesFiltering - skip non existing resourceDirectory C:\Users\HP\OneDrive\Desktop\Fitpeo\FitpeoWebApplication\src\test\resources
2024-11-25 11:52:49,698 [Worker-53: Launching Tasks] INFO  o.a.m.s.f.DefaultMavenResourcesFiltering - skip non existing resourceDirectory C:\Users\HP\OneDrive\Desktop\Fitpeo\FitpeoWebApplication\src\main\resources
2024-11-25 11:52:49,701 [Worker-53: Launching Tasks] INFO  o.a.m.s.f.DefaultMavenResourcesFiltering - skip non existing resourceDirectory C:\Users\HP\OneDrive\Desktop\Fitpeo\FitpeoWebApplication\src\test\resources
2024-11-25 11:54:10,302 [Worker-63: Launching Tasks] INFO  o.a.m.s.f.DefaultMavenResourcesFiltering - skip non existing resourceDirectory C:\Users\HP\OneDrive\Desktop\Fitpeo\FitpeoWebApplication\src\main\resources
2024-11-25 11:54:10,305 [Worker-63: Launching Tasks] INFO  o.a.m.s.f.DefaultMavenResourcesFiltering - skip non existing resourceDirectory C:\Users\HP\OneDrive\Desktop\Fitpeo\FitpeoWebApplication\src\test\resources
2024-11-25 11:59:21,376 [Worker-67: Launching Tasks] INFO  o.a.m.s.f.DefaultMavenResourcesFiltering - skip non existing resourceDirectory C:\Users\HP\OneDrive\Desktop\Fitpeo\FitpeoWebApplication\src\main\resources
2024-11-25 11:59:21,383 [Worker-67: Launching Tasks] INFO  o.a.m.s.f.DefaultMavenResourcesFiltering - skip non existing resourceDirectory C:\Users\HP\OneDrive\Desktop\Fitpeo\FitpeoWebApplication\src\test\resources
2024-11-25 12:00:28,691 [Worker-67: Launching Tasks] INFO  o.a.m.s.f.DefaultMavenResourcesFiltering - skip non existing resourceDirectory C:\Users\HP\OneDrive\Desktop\Fitpeo\FitpeoWebApplication\src\main\resources
2024-11-25 12:00:28,696 [Worker-67: Launching Tasks] INFO  o.a.m.s.f.DefaultMavenResourcesFiltering - skip non existing resourceDirectory C:\Users\HP\OneDrive\Desktop\Fitpeo\FitpeoWebApplication\src\test\resources
2024-11-25 12:01:23,590 [Worker-72: Launching Tasks] INFO  o.a.m.s.f.DefaultMavenResourcesFiltering - skip non existing resourceDirectory C:\Users\HP\OneDrive\Desktop\Fitpeo\FitpeoWebApplication\src\main\resources
2024-11-25 12:01:23,594 [Worker-72: Launching Tasks] INFO  o.a.m.s.f.DefaultMavenResourcesFiltering - skip non existing resourceDirectory C:\Users\HP\OneDrive\Desktop\Fitpeo\FitpeoWebApplication\src\test\resources
2024-11-25 12:02:20,501 [Worker-63: Launching Tasks] INFO  o.a.m.s.f.DefaultMavenResourcesFiltering - skip non existing resourceDirectory C:\Users\HP\OneDrive\Desktop\Fitpeo\FitpeoWebApplication\src\main\resources
2024-11-25 12:02:20,505 [Worker-63: Launching Tasks] INFO  o.a.m.s.f.DefaultMavenResourcesFiltering - skip non existing resourceDirectory C:\Users\HP\OneDrive\Desktop\Fitpeo\FitpeoWebApplication\src\test\resources
2024-11-25 12:03:28,012 [Worker-70: Launching Tasks] INFO  o.a.m.s.f.DefaultMavenResourcesFiltering - skip non existing resourceDirectory C:\Users\HP\OneDrive\Desktop\Fitpeo\FitpeoWebApplication\src\main\resources
2024-11-25 12:03:28,015 [Worker-70: Launching Tasks] INFO  o.a.m.s.f.DefaultMavenResourcesFiltering - skip non existing resourceDirectory C:\Users\HP\OneDrive\Desktop\Fitpeo\FitpeoWebApplication\src\test\resources
2024-11-25 12:04:41,206 [Worker-74: Launching Tasks] INFO  o.a.m.s.f.DefaultMavenResourcesFiltering - skip non existing resourceDirectory C:\Users\HP\OneDrive\Desktop\Fitpeo\FitpeoWebApplication\src\main\resources
2024-11-25 12:04:41,210 [Worker-74: Launching Tasks] INFO  o.a.m.s.f.DefaultMavenResourcesFiltering - skip non existing resourceDirectory C:\Users\HP\OneDrive\Desktop\Fitpeo\FitpeoWebApplication\src\test\resources
2024-11-25 12:13:03,994 [Worker-75: Launching Tasks] INFO  o.a.m.s.f.DefaultMavenResourcesFiltering - skip non existing resourceDirectory C:\Users\HP\OneDrive\Desktop\Fitpeo\FitpeoWebApplication\src\main\resources
2024-11-25 12:13:03,997 [Worker-75: Launching Tasks] INFO  o.a.m.s.f.DefaultMavenResourcesFiltering - skip non existing resourceDirectory C:\Users\HP\OneDrive\Desktop\Fitpeo\FitpeoWebApplication\src\test\resources
2024-11-25 12:14:38,923 [Worker-79: Launching Tasks] INFO  o.a.m.s.f.DefaultMavenResourcesFiltering - skip non existing resourceDirectory C:\Users\HP\OneDrive\Desktop\Fitpeo\FitpeoWebApplication\src\main\resources
2024-11-25 12:14:38,925 [Worker-79: Launching Tasks] INFO  o.a.m.s.f.DefaultMavenResourcesFiltering - skip non existing resourceDirectory C:\Users\HP\OneDrive\Desktop\Fitpeo\FitpeoWebApplication\src\test\resources
2024-11-25 12:15:25,381 [Worker-76: Launching Tasks] INFO  o.a.m.s.f.DefaultMavenResourcesFiltering - skip non existing resourceDirectory C:\Users\HP\OneDrive\Desktop\Fitpeo\FitpeoWebApplication\src\main\resources
2024-11-25 12:15:25,383 [Worker-76: Launching Tasks] INFO  o.a.m.s.f.DefaultMavenResourcesFiltering - skip non existing resourceDirectory C:\Users\HP\OneDrive\Desktop\Fitpeo\FitpeoWebApplication\src\test\resources
2024-11-25 18:23:35,037 [Worker-5: Loading available Gradle versions] INFO  o.e.b.c.i.u.g.PublishedGradleVersions - Gradle version information cache is up-to-date. Trying to read.
2024-11-25 18:45:54,763 [Worker-14: Launching Tasks] INFO  o.a.m.s.f.DefaultMavenResourcesFiltering - skip non existing resourceDirectory C:\Users\HP\OneDrive\Desktop\Fitpeo\FitpeoWebApplication\src\main\resources
2024-11-25 18:45:54,769 [Worker-14: Launching Tasks] INFO  o.a.m.s.f.DefaultMavenResourcesFiltering - skip non existing resourceDirectory C:\Users\HP\OneDrive\Desktop\Fitpeo\FitpeoWebApplication\src\test\resources
2024-11-25 18:48:51,527 [Worker-17: Launching Tasks] INFO  o.a.m.s.f.DefaultMavenResourcesFiltering - skip non existing resourceDirectory C:\Users\HP\OneDrive\Desktop\Fitpeo\FitpeoWebApplication\src\main\resources
2024-11-25 18:48:51,530 [Worker-17: Launching Tasks] INFO  o.a.m.s.f.DefaultMavenResourcesFiltering - skip non existing resourceDirectory C:\Users\HP\OneDrive\Desktop\Fitpeo\FitpeoWebApplication\src\test\resources
2024-11-25 18:52:45,247 [Worker-15: Launching Tasks] INFO  o.a.m.s.f.DefaultMavenResourcesFiltering - skip non existing resourceDirectory C:\Users\HP\OneDrive\Desktop\Fitpeo\FitpeoWebApplication\src\main\resources
2024-11-25 18:52:45,250 [Worker-15: Launching Tasks] INFO  o.a.m.s.f.DefaultMavenResourcesFiltering - skip non existing resourceDirectory C:\Users\HP\OneDrive\Desktop\Fitpeo\FitpeoWebApplication\src\test\resources
2024-11-25 18:54:07,036 [Worker-16: Launching Tasks] INFO  o.a.m.s.f.DefaultMavenResourcesFiltering - skip non existing resourceDirectory C:\Users\HP\OneDrive\Desktop\Fitpeo\FitpeoWebApplication\src\main\resources
2024-11-25 18:54:07,039 [Worker-16: Launching Tasks] INFO  o.a.m.s.f.DefaultMavenResourcesFiltering - skip non existing resourceDirectory C:\Users\HP\OneDrive\Desktop\Fitpeo\FitpeoWebApplication\src\test\resources
2024-11-25 19:15:40,830 [Worker-23: Launching Tasks] INFO  o.a.m.s.f.DefaultMavenResourcesFiltering - skip non existing resourceDirectory C:\Users\HP\OneDrive\Desktop\Fitpeo\FitpeoWebApplication\src\main\resources
2024-11-25 19:15:40,835 [Worker-23: Launching Tasks] INFO  o.a.m.s.f.DefaultMavenResourcesFiltering - skip non existing resourceDirectory C:\Users\HP\OneDrive\Desktop\Fitpeo\FitpeoWebApplication\src\test\resources
2024-11-25 19:17:33,635 [Worker-23: Launching Tasks] INFO  o.a.m.s.f.DefaultMavenResourcesFiltering - skip non existing resourceDirectory C:\Users\HP\OneDrive\Desktop\Fitpeo\FitpeoWebApplication\src\main\resources
2024-11-25 19:17:33,638 [Worker-23: Launching Tasks] INFO  o.a.m.s.f.DefaultMavenResourcesFiltering - skip non existing resourceDirectory C:\Users\HP\OneDrive\Desktop\Fitpeo\FitpeoWebApplication\src\test\resources
2024-11-25 19:18:57,931 [Worker-32: Launching Tasks] INFO  o.a.m.s.f.DefaultMavenResourcesFiltering - skip non existing resourceDirectory C:\Users\HP\OneDrive\Desktop\Fitpeo\FitpeoWebApplication\src\main\resources
2024-11-25 19:18:57,936 [Worker-32: Launching Tasks] INFO  o.a.m.s.f.DefaultMavenResourcesFiltering - skip non existing resourceDirectory C:\Users\HP\OneDrive\Desktop\Fitpeo\FitpeoWebApplication\src\test\resources
2024-11-25 19:37:22,416 [Worker-35: Building] INFO  o.a.m.s.f.DefaultMavenResourcesFiltering - skip non existing resourceDirectory C:\Users\HP\OneDrive\Desktop\Fitpeo\FitpeoWebApplication\src\main\resources
2024-11-25 19:37:22,422 [Worker-35: Building] INFO  o.a.m.s.f.DefaultMavenResourcesFiltering - skip non existing resourceDirectory C:\Users\HP\OneDrive\Desktop\Fitpeo\FitpeoWebApplication\src\test\resources
2024-11-26 11:13:50,792 [Worker-4: Loading available Gradle versions] INFO  o.e.b.c.i.u.g.PublishedGradleVersions - Gradle version information cache is up-to-date. Trying to read.
2024-11-26 11:28:38,013 [Worker-13: Launching Tasks] INFO  o.a.m.s.f.DefaultMavenResourcesFiltering - skip non existing resourceDirectory C:\Users\HP\OneDrive\Desktop\Fitpeo\FitpeoWebApplication\src\main\resources
2024-11-26 11:28:38,019 [Worker-13: Launching Tasks] INFO  o.a.m.s.f.DefaultMavenResourcesFiltering - skip non existing resourceDirectory C:\Users\HP\OneDrive\Desktop\Fitpeo\FitpeoWebApplication\src\test\resources
2024-11-26 11:29:49,884 [Worker-14: Launching Tasks] INFO  o.a.m.s.f.DefaultMavenResourcesFiltering - skip non existing resourceDirectory C:\Users\HP\OneDrive\Desktop\Fitpeo\FitpeoWebApplication\src\main\resources
2024-11-26 11:29:49,888 [Worker-14: Launching Tasks] INFO  o.a.m.s.f.DefaultMavenResourcesFiltering - skip non existing resourceDirectory C:\Users\HP\OneDrive\Desktop\Fitpeo\FitpeoWebApplication\src\test\resources
2024-11-26 11:30:41,830 [Worker-12: Launching Tasks] INFO  o.a.m.s.f.DefaultMavenResourcesFiltering - skip non existing resourceDirectory C:\Users\HP\OneDrive\Desktop\Fitpeo\FitpeoWebApplication\src\main\resources
2024-11-26 11:30:41,834 [Worker-12: Launching Tasks] INFO  o.a.m.s.f.DefaultMavenResourcesFiltering - skip non existing resourceDirectory C:\Users\HP\OneDrive\Desktop\Fitpeo\FitpeoWebApplication\src\test\resources
2024-11-26 11:31:45,626 [Worker-4: Launching Tasks] INFO  o.a.m.s.f.DefaultMavenResourcesFiltering - skip non existing resourceDirectory C:\Users\HP\OneDrive\Desktop\Fitpeo\FitpeoWebApplication\src\main\resources
2024-11-26 11:31:45,630 [Worker-4: Launching Tasks] INFO  o.a.m.s.f.DefaultMavenResourcesFiltering - skip non existing resourceDirectory C:\Users\HP\OneDrive\Desktop\Fitpeo\FitpeoWebApplication\src\test\resources
2024-11-26 11:32:28,426 [Worker-16: Launching Tasks] INFO  o.a.m.s.f.DefaultMavenResourcesFiltering - skip non existing resourceDirectory C:\Users\HP\OneDrive\Desktop\Fitpeo\FitpeoWebApplication\src\main\resources
2024-11-26 11:32:28,429 [Worker-16: Launching Tasks] INFO  o.a.m.s.f.DefaultMavenResourcesFiltering - skip non existing resourceDirectory C:\Users\HP\OneDrive\Desktop\Fitpeo\FitpeoWebApplication\src\test\resources
2024-11-26 11:33:20,587 [Worker-15: Launching Tasks] INFO  o.a.m.s.f.DefaultMavenResourcesFiltering - skip non existing resourceDirectory C:\Users\HP\OneDrive\Desktop\Fitpeo\FitpeoWebApplication\src\main\resources
2024-11-26 11:33:20,591 [Worker-15: Launching Tasks] INFO  o.a.m.s.f.DefaultMavenResourcesFiltering - skip non existing resourceDirectory C:\Users\HP\OneDrive\Desktop\Fitpeo\FitpeoWebApplication\src\test\resources
2024-11-26 11:34:14,859 [Worker-11: Launching Tasks] INFO  o.a.m.s.f.DefaultMavenResourcesFiltering - skip non existing resourceDirectory C:\Users\HP\OneDrive\Desktop\Fitpeo\FitpeoWebApplication\src\main\resources
2024-11-26 11:34:14,862 [Worker-11: Launching Tasks] INFO  o.a.m.s.f.DefaultMavenResourcesFiltering - skip non existing resourceDirectory C:\Users\HP\OneDrive\Desktop\Fitpeo\FitpeoWebApplication\src\test\resources
2024-11-26 11:34:57,477 [Worker-16: Launching Tasks] INFO  o.a.m.s.f.DefaultMavenResourcesFiltering - skip non existing resourceDirectory C:\Users\HP\OneDrive\Desktop\Fitpeo\FitpeoWebApplication\src\main\resources
2024-11-26 11:34:57,485 [Worker-16: Launching Tasks] INFO  o.a.m.s.f.DefaultMavenResourcesFiltering - skip non existing resourceDirectory C:\Users\HP\OneDrive\Desktop\Fitpeo\FitpeoWebApplication\src\test\resources
2024-11-26 11:36:45,686 [Worker-11: Launching Tasks] INFO  o.a.m.s.f.DefaultMavenResourcesFiltering - skip non existing resourceDirectory C:\Users\HP\OneDrive\Desktop\Fitpeo\FitpeoWebApplication\src\main\resources
2024-11-26 11:36:45,703 [Worker-11: Launching Tasks] INFO  o.a.m.s.f.DefaultMavenResourcesFiltering - skip non existing resourceDirectory C:\Users\HP\OneDrive\Desktop\Fitpeo\FitpeoWebApplication\src\test\resources
2024-11-26 11:38:31,609 [Worker-23: Launching Tasks] INFO  o.a.m.s.f.DefaultMavenResourcesFiltering - skip non existing resourceDirectory C:\Users\HP\OneDrive\Desktop\Fitpeo\FitpeoWebApplication\src\main\resources
2024-11-26 11:38:31,612 [Worker-23: Launching Tasks] INFO  o.a.m.s.f.DefaultMavenResourcesFiltering - skip non existing resourceDirectory C:\Users\HP\OneDrive\Desktop\Fitpeo\FitpeoWebApplication\src\test\resources
2024-11-26 11:39:26,296 [Worker-25: Launching Tasks] INFO  o.a.m.s.f.DefaultMavenResourcesFiltering - skip non existing resourceDirectory C:\Users\HP\OneDrive\Desktop\Fitpeo\FitpeoWebApplication\src\main\resources
2024-11-26 11:39:26,299 [Worker-25: Launching Tasks] INFO  o.a.m.s.f.DefaultMavenResourcesFiltering - skip non existing resourceDirectory C:\Users\HP\OneDrive\Desktop\Fitpeo\FitpeoWebApplication\src\test\resources
2024-11-26 11:40:03,219 [Worker-27: Launching Tasks] INFO  o.a.m.s.f.DefaultMavenResourcesFiltering - skip non existing resourceDirectory C:\Users\HP\OneDrive\Desktop\Fitpeo\FitpeoWebApplication\src\main\resources
2024-11-26 11:40:03,223 [Worker-27: Launching Tasks] INFO  o.a.m.s.f.DefaultMavenResourcesFiltering - skip non existing resourceDirectory C:\Users\HP\OneDrive\Desktop\Fitpeo\FitpeoWebApplication\src\test\resources
2024-11-26 11:46:39,612 [Worker-28: Launching Tasks] INFO  o.a.m.s.f.DefaultMavenResourcesFiltering - skip non existing resourceDirectory C:\Users\HP\OneDrive\Desktop\Fitpeo\FitpeoWebApplication\src\main\resources
2024-11-26 11:46:39,614 [Worker-28: Launching Tasks] INFO  o.a.m.s.f.DefaultMavenResourcesFiltering - skip non existing resourceDirectory C:\Users\HP\OneDrive\Desktop\Fitpeo\FitpeoWebApplication\src\test\resources
2024-11-26 11:48:07,528 [Worker-29: Launching Tasks] INFO  o.a.m.s.f.DefaultMavenResourcesFiltering - skip non existing resourceDirectory C:\Users\HP\OneDrive\Desktop\Fitpeo\FitpeoWebApplication\src\main\resources
2024-11-26 11:48:07,531 [Worker-29: Launching Tasks] INFO  o.a.m.s.f.DefaultMavenResourcesFiltering - skip non existing resourceDirectory C:\Users\HP\OneDrive\Desktop\Fitpeo\FitpeoWebApplication\src\test\resources
2024-11-26 11:49:50,821 [Worker-29: Launching Tasks] INFO  o.a.m.s.f.DefaultMavenResourcesFiltering - skip non existing resourceDirectory C:\Users\HP\OneDrive\Desktop\Fitpeo\FitpeoWebApplication\src\main\resources
2024-11-26 11:49:50,824 [Worker-29: Launching Tasks] INFO  o.a.m.s.f.DefaultMavenResourcesFiltering - skip non existing resourceDirectory C:\Users\HP\OneDrive\Desktop\Fitpeo\FitpeoWebApplication\src\test\resources
2024-11-26 11:53:51,207 [Worker-33: Launching Tasks] INFO  o.a.m.s.f.DefaultMavenResourcesFiltering - skip non existing resourceDirectory C:\Users\HP\OneDrive\Desktop\Fitpeo\FitpeoWebApplication\src\main\resources
2024-11-26 11:53:51,212 [Worker-33: Launching Tasks] INFO  o.a.m.s.f.DefaultMavenResourcesFiltering - skip non existing resourceDirectory C:\Users\HP\OneDrive\Desktop\Fitpeo\FitpeoWebApplication\src\test\resources
2024-11-26 11:55:53,698 [Worker-40: Launching Tasks] INFO  o.a.m.s.f.DefaultMavenResourcesFiltering - skip non existing resourceDirectory C:\Users\HP\OneDrive\Desktop\Fitpeo\FitpeoWebApplication\src\main\resources
2024-11-26 11:55:53,700 [Worker-40: Launching Tasks] INFO  o.a.m.s.f.DefaultMavenResourcesFiltering - skip non existing resourceDirectory C:\Users\HP\OneDrive\Desktop\Fitpeo\FitpeoWebApplication\src\test\resources
2024-11-26 11:57:04,249 [Worker-43: Launching Tasks] INFO  o.a.m.s.f.DefaultMavenResourcesFiltering - skip non existing resourceDirectory C:\Users\HP\OneDrive\Desktop\Fitpeo\FitpeoWebApplication\src\main\resources
2024-11-26 11:57:04,252 [Worker-43: Launching Tasks] INFO  o.a.m.s.f.DefaultMavenResourcesFiltering - skip non existing resourceDirectory C:\Users\HP\OneDrive\Desktop\Fitpeo\FitpeoWebApplication\src\test\resources
2024-11-26 12:01:26,849 [Worker-47: Launching Tasks] INFO  o.a.m.s.f.DefaultMavenResourcesFiltering - skip non existing resourceDirectory C:\Users\HP\OneDrive\Desktop\Fitpeo\FitpeoWebApplication\src\main\resources
2024-11-26 12:01:26,852 [Worker-47: Launching Tasks] INFO  o.a.m.s.f.DefaultMavenResourcesFiltering - skip non existing resourceDirectory C:\Users\HP\OneDrive\Desktop\Fitpeo\FitpeoWebApplication\src\test\resources
2024-11-26 12:05:57,314 [Worker-51: Launching Tasks] INFO  o.a.m.s.f.DefaultMavenResourcesFiltering - skip non existing resourceDirectory C:\Users\HP\OneDrive\Desktop\Fitpeo\FitpeoWebApplication\src\main\resources
2024-11-26 12:05:57,317 [Worker-51: Launching Tasks] INFO  o.a.m.s.f.DefaultMavenResourcesFiltering - skip non existing resourceDirectory C:\Users\HP\OneDrive\Desktop\Fitpeo\FitpeoWebApplication\src\test\resources
2024-11-26 12:08:23,915 [Worker-53: Launching Tasks] INFO  o.a.m.s.f.DefaultMavenResourcesFiltering - skip non existing resourceDirectory C:\Users\HP\OneDrive\Desktop\Fitpeo\FitpeoWebApplication\src\main\resources
2024-11-26 12:08:23,918 [Worker-53: Launching Tasks] INFO  o.a.m.s.f.DefaultMavenResourcesFiltering - skip non existing resourceDirectory C:\Users\HP\OneDrive\Desktop\Fitpeo\FitpeoWebApplication\src\test\resources
2024-11-26 12:09:18,641 [Worker-52: Launching Tasks] INFO  o.a.m.s.f.DefaultMavenResourcesFiltering - skip non existing resourceDirectory C:\Users\HP\OneDrive\Desktop\Fitpeo\FitpeoWebApplication\src\main\resources
2024-11-26 12:09:18,643 [Worker-52: Launching Tasks] INFO  o.a.m.s.f.DefaultMavenResourcesFiltering - skip non existing resourceDirectory C:\Users\HP\OneDrive\Desktop\Fitpeo\FitpeoWebApplication\src\test\resources
2024-11-26 12:10:29,161 [Worker-39: Launching Tasks] INFO  o.a.m.s.f.DefaultMavenResourcesFiltering - skip non existing resourceDirectory C:\Users\HP\OneDrive\Desktop\Fitpeo\FitpeoWebApplication\src\main\resources
2024-11-26 12:10:29,164 [Worker-39: Launching Tasks] INFO  o.a.m.s.f.DefaultMavenResourcesFiltering - skip non existing resourceDirectory C:\Users\HP\OneDrive\Desktop\Fitpeo\FitpeoWebApplication\src\test\resources
2024-11-26 12:11:49,512 [Worker-53: Launching Tasks] INFO  o.a.m.s.f.DefaultMavenResourcesFiltering - skip non existing resourceDirectory C:\Users\HP\OneDrive\Desktop\Fitpeo\FitpeoWebApplication\src\main\resources
2024-11-26 12:11:49,517 [Worker-53: Launching Tasks] INFO  o.a.m.s.f.DefaultMavenResourcesFiltering - skip non existing resourceDirectory C:\Users\HP\OneDrive\Desktop\Fitpeo\FitpeoWebApplication\src\test\resources
2024-11-26 12:15:14,228 [Worker-56: Building] INFO  o.a.m.s.f.DefaultMavenResourcesFiltering - skip non existing resourceDirectory C:\Users\HP\OneDrive\Desktop\Fitpeo\FitpeoWebApplication\src\main\resources
2024-11-26 12:15:14,231 [Worker-56: Building] INFO  o.a.m.s.f.DefaultMavenResourcesFiltering - skip non existing resourceDirectory C:\Users\HP\OneDrive\Desktop\Fitpeo\FitpeoWebApplication\src\test\resources
2024-11-26 12:40:48,266 [Worker-1: Loading available Gradle versions] INFO  o.e.b.c.i.u.g.PublishedGradleVersions - Gradle version information cache is up-to-date. Trying to read.
2024-11-26 12:44:19,128 [Worker-9: Launching Tasks] INFO  o.a.m.s.f.DefaultMavenResourcesFiltering - skip non existing resourceDirectory C:\Users\HP\OneDrive\Desktop\Fitpeo\FitpeoWebApplication\src\main\resources
2024-11-26 12:44:19,133 [Worker-9: Launching Tasks] INFO  o.a.m.s.f.DefaultMavenResourcesFiltering - skip non existing resourceDirectory C:\Users\HP\OneDrive\Desktop\Fitpeo\FitpeoWebApplication\src\test\resources
2024-11-26 12:45:51,442 [Worker-14: Launching Tasks] INFO  o.a.m.s.f.DefaultMavenResourcesFiltering - skip non existing resourceDirectory C:\Users\HP\OneDrive\Desktop\Fitpeo\FitpeoWebApplication\src\main\resources
2024-11-26 12:45:51,445 [Worker-14: Launching Tasks] INFO  o.a.m.s.f.DefaultMavenResourcesFiltering - skip non existing resourceDirectory C:\Users\HP\OneDrive\Desktop\Fitpeo\FitpeoWebApplication\src\test\resources
2024-11-26 12:47:24,052 [Worker-11: Launching Tasks] INFO  o.a.m.s.f.DefaultMavenResourcesFiltering - skip non existing resourceDirectory C:\Users\HP\OneDrive\Desktop\Fitpeo\FitpeoWebApplication\src\main\resources
2024-11-26 12:47:24,056 [Worker-11: Launching Tasks] INFO  o.a.m.s.f.DefaultMavenResourcesFiltering - skip non existing resourceDirectory C:\Users\HP\OneDrive\Desktop\Fitpeo\FitpeoWebApplication\src\test\resources
2024-11-26 12:52:22,061 [Worker-21: Launching Tasks] INFO  o.a.m.s.f.DefaultMavenResourcesFiltering - skip non existing resourceDirectory C:\Users\HP\OneDrive\Desktop\Fitpeo\FitpeoWebApplication\src\main\resources
2024-11-26 12:52:22,065 [Worker-21: Launching Tasks] INFO  o.a.m.s.f.DefaultMavenResourcesFiltering - skip non existing resourceDirectory C:\Users\HP\OneDrive\Desktop\Fitpeo\FitpeoWebApplication\src\test\resources
2024-11-26 12:55:44,235 [Worker-23: Launching Tasks] INFO  o.a.m.s.f.DefaultMavenResourcesFiltering - skip non existing resourceDirectory C:\Users\HP\OneDrive\Desktop\Fitpeo\FitpeoWebApplication\src\main\resources
2024-11-26 12:55:44,252 [Worker-23: Launching Tasks] INFO  o.a.m.s.f.DefaultMavenResourcesFiltering - skip non existing resourceDirectory C:\Users\HP\OneDrive\Desktop\Fitpeo\FitpeoWebApplication\src\test\resources
2024-11-26 13:03:09,730 [Worker-23: Launching Tasks] INFO  o.a.m.s.f.DefaultMavenResourcesFiltering - skip non existing resourceDirectory C:\Users\HP\OneDrive\Desktop\Fitpeo\FitpeoWebApplication\src\main\resources
2024-11-26 13:03:09,734 [Worker-23: Launching Tasks] INFO  o.a.m.s.f.DefaultMavenResourcesFiltering - skip non existing resourceDirectory C:\Users\HP\OneDrive\Desktop\Fitpeo\FitpeoWebApplication\src\test\resources
2024-11-26 13:04:02,165 [Worker-31: Launching Tasks] INFO  o.a.m.s.f.DefaultMavenResourcesFiltering - skip non existing resourceDirectory C:\Users\HP\OneDrive\Desktop\Fitpeo\FitpeoWebApplication\src\main\resources
2024-11-26 13:04:02,172 [Worker-31: Launching Tasks] INFO  o.a.m.s.f.DefaultMavenResourcesFiltering - skip non existing resourceDirectory C:\Users\HP\OneDrive\Desktop\Fitpeo\FitpeoWebApplication\src\test\resources
2024-11-26 13:04:30,266 [Worker-29: Building] INFO  o.a.m.s.f.DefaultMavenResourcesFiltering - skip non existing resourceDirectory C:\Users\HP\OneDrive\Desktop\Fitpeo\FitpeoWebApplication\src\main\resources
2024-11-26 13:04:30,271 [Worker-29: Building] INFO  o.a.m.s.f.DefaultMavenResourcesFiltering - skip non existing resourceDirectory C:\Users\HP\OneDrive\Desktop\Fitpeo\FitpeoWebApplication\src\test\resources
2024-11-27 13:06:35,681 [Worker-5: Loading available Gradle versions] INFO  o.e.b.c.i.u.g.PublishedGradleVersions - Gradle version information cache is out-of-date. Trying to update.
2024-11-27 13:07:27,651 [Worker-5: Launching Tasks] INFO  o.a.m.s.f.DefaultMavenResourcesFiltering - skip non existing resourceDirectory C:\Users\HP\OneDrive\Desktop\Fitpeo\FitpeoWebApplication\src\main\resources
2024-11-27 13:07:27,656 [Worker-5: Launching Tasks] INFO  o.a.m.s.f.DefaultMavenResourcesFiltering - skip non existing resourceDirectory C:\Users\HP\OneDrive\Desktop\Fitpeo\FitpeoWebApplication\src\test\resources
2024-11-27 13:10:20,785 [Worker-4: Launching Tasks] INFO  o.a.m.s.f.DefaultMavenResourcesFiltering - skip non existing resourceDirectory C:\Users\HP\OneDrive\Desktop\Fitpeo\FitpeoWebApplication\src\main\resources
2024-11-27 13:10:20,792 [Worker-4: Launching Tasks] INFO  o.a.m.s.f.DefaultMavenResourcesFiltering - skip non existing resourceDirectory C:\Users\HP\OneDrive\Desktop\Fitpeo\FitpeoWebApplication\src\test\resources
2024-11-27 13:12:15,833 [Worker-14: Launching Tasks] INFO  o.a.m.s.f.DefaultMavenResourcesFiltering - skip non existing resourceDirectory C:\Users\HP\OneDrive\Desktop\Fitpeo\FitpeoWebApplication\src\main\resources
2024-11-27 13:12:15,836 [Worker-14: Launching Tasks] INFO  o.a.m.s.f.DefaultMavenResourcesFiltering - skip non existing resourceDirectory C:\Users\HP\OneDrive\Desktop\Fitpeo\FitpeoWebApplication\src\test\resources
2024-11-27 13:16:12,223 [Worker-15: Launching Tasks] INFO  o.a.m.s.f.DefaultMavenResourcesFiltering - skip non existing resourceDirectory C:\Users\HP\OneDrive\Desktop\Fitpeo\FitpeoWebApplication\src\main\resources
2024-11-27 13:16:12,243 [Worker-15: Launching Tasks] INFO  o.a.m.s.f.DefaultMavenResourcesFiltering - skip non existing resourceDirectory C:\Users\HP\OneDrive\Desktop\Fitpeo\FitpeoWebApplication\src\test\resources
2024-11-27 13:29:51,053 [Worker-17: Launching Tasks] INFO  o.a.m.s.f.DefaultMavenResourcesFiltering - skip non existing resourceDirectory C:\Users\HP\OneDrive\Desktop\Fitpeo\FitpeoWebApplication\src\main\resources
2024-11-27 13:29:51,056 [Worker-17: Launching Tasks] INFO  o.a.m.s.f.DefaultMavenResourcesFiltering - skip non existing resourceDirectory C:\Users\HP\OneDrive\Desktop\Fitpeo\FitpeoWebApplication\src\test\resources
2024-11-27 13:35:42,128 [Worker-21: Launching Tasks] INFO  o.a.m.s.f.DefaultMavenResourcesFiltering - skip non existing resourceDirectory C:\Users\HP\OneDrive\Desktop\Fitpeo\FitpeoWebApplication\src\main\resources
2024-11-27 13:35:42,136 [Worker-21: Launching Tasks] INFO  o.a.m.s.f.DefaultMavenResourcesFiltering - skip non existing resourceDirectory C:\Users\HP\OneDrive\Desktop\Fitpeo\FitpeoWebApplication\src\test\resources
2024-11-27 13:43:46,583 [Worker-26: Launching Tasks] INFO  o.a.m.s.f.DefaultMavenResourcesFiltering - skip non existing resourceDirectory C:\Users\HP\OneDrive\Desktop\Fitpeo\FitpeoWebApplication\src\main\resources
2024-11-27 13:43:46,586 [Worker-26: Launching Tasks] INFO  o.a.m.s.f.DefaultMavenResourcesFiltering - skip non existing resourceDirectory C:\Users\HP\OneDrive\Desktop\Fitpeo\FitpeoWebApplication\src\test\resources
2024-11-27 13:53:02,459 [Worker-39: Launching Tasks] INFO  o.a.m.s.f.DefaultMavenResourcesFiltering - skip non existing resourceDirectory C:\Users\HP\OneDrive\Desktop\Fitpeo\FitpeoWebApplication\src\main\resources
2024-11-27 13:53:02,465 [Worker-39: Launching Tasks] INFO  o.a.m.s.f.DefaultMavenResourcesFiltering - skip non existing resourceDirectory C:\Users\HP\OneDrive\Desktop\Fitpeo\FitpeoWebApplication\src\test\resources
2024-11-27 17:52:42,289 [Worker-2: Loading available Gradle versions] INFO  o.e.b.c.i.u.g.PublishedGradleVersions - Gradle version information cache is up-to-date. Trying to read.
2024-11-27 18:05:47,701 [Worker-12: Launching Tasks] INFO  o.a.m.s.f.DefaultMavenResourcesFiltering - skip non existing resourceDirectory C:\Users\HP\OneDrive\Desktop\Fitpeo\FitpeoWebApplication\src\main\resources
2024-11-27 18:05:47,706 [Worker-12: Launching Tasks] INFO  o.a.m.s.f.DefaultMavenResourcesFiltering - skip non existing resourceDirectory C:\Users\HP\OneDrive\Desktop\Fitpeo\FitpeoWebApplication\src\test\resources
2024-11-27 18:14:45,624 [Worker-19: Launching Tasks] INFO  o.a.m.s.f.DefaultMavenResourcesFiltering - skip non existing resourceDirectory C:\Users\HP\OneDrive\Desktop\Fitpeo\FitpeoWebApplication\src\main\resources
2024-11-27 18:14:45,629 [Worker-19: Launching Tasks] INFO  o.a.m.s.f.DefaultMavenResourcesFiltering - skip non existing resourceDirectory C:\Users\HP\OneDrive\Desktop\Fitpeo\FitpeoWebApplication\src\test\resources
2024-11-27 18:15:54,313 [Worker-4: Launching Tasks] INFO  o.a.m.s.f.DefaultMavenResourcesFiltering - skip non existing resourceDirectory C:\Users\HP\OneDrive\Desktop\Fitpeo\FitpeoWebApplication\src\main\resources
2024-11-27 18:15:54,317 [Worker-4: Launching Tasks] INFO  o.a.m.s.f.DefaultMavenResourcesFiltering - skip non existing resourceDirectory C:\Users\HP\OneDrive\Desktop\Fitpeo\FitpeoWebApplication\src\test\resources
2024-11-27 18:22:55,715 [Worker-4: Launching Tasks] INFO  o.a.m.s.f.DefaultMavenResourcesFiltering - skip non existing resourceDirectory C:\Users\HP\OneDrive\Desktop\Fitpeo\FitpeoWebApplication\src\main\resources
2024-11-27 18:22:55,718 [Worker-4: Launching Tasks] INFO  o.a.m.s.f.DefaultMavenResourcesFiltering - skip non existing resourceDirectory C:\Users\HP\OneDrive\Desktop\Fitpeo\FitpeoWebApplication\src\test\resources
2024-11-27 18:30:11,792 [Worker-27: Launching Tasks] INFO  o.a.m.s.f.DefaultMavenResourcesFiltering - skip non existing resourceDirectory C:\Users\HP\OneDrive\Desktop\Fitpeo\FitpeoWebApplication\src\main\resources
2024-11-27 18:30:11,796 [Worker-27: Launching Tasks] INFO  o.a.m.s.f.DefaultMavenResourcesFiltering - skip non existing resourceDirectory C:\Users\HP\OneDrive\Desktop\Fitpeo\FitpeoWebApplication\src\test\resources
2024-11-27 18:36:04,101 [Worker-29: Launching Tasks] INFO  o.a.m.s.f.DefaultMavenResourcesFiltering - skip non existing resourceDirectory C:\Users\HP\OneDrive\Desktop\Fitpeo\FitpeoWebApplication\src\main\resources
2024-11-27 18:36:04,105 [Worker-29: Launching Tasks] INFO  o.a.m.s.f.DefaultMavenResourcesFiltering - skip non existing resourceDirectory C:\Users\HP\OneDrive\Desktop\Fitpeo\FitpeoWebApplication\src\test\resources
2024-11-27 18:40:10,215 [Worker-23: Launching Tasks] INFO  o.a.m.s.f.DefaultMavenResourcesFiltering - skip non existing resourceDirectory C:\Users\HP\OneDrive\Desktop\Fitpeo\FitpeoWebApplication\src\main\resources
2024-11-27 18:40:10,220 [Worker-23: Launching Tasks] INFO  o.a.m.s.f.DefaultMavenResourcesFiltering - skip non existing resourceDirectory C:\Users\HP\OneDrive\Desktop\Fitpeo\FitpeoWebApplication\src\test\resources
2024-11-27 19:10:02,506 [Worker-40: Launching Tasks] INFO  o.a.m.s.f.DefaultMavenResourcesFiltering - skip non existing resourceDirectory C:\Users\HP\OneDrive\Desktop\Fitpeo\FitpeoWebApplication\src\main\resources
2024-11-27 19:10:02,511 [Worker-40: Launching Tasks] INFO  o.a.m.s.f.DefaultMavenResourcesFiltering - skip non existing resourceDirectory C:\Users\HP\OneDrive\Desktop\Fitpeo\FitpeoWebApplication\src\test\resources
2024-11-27 19:12:23,983 [Worker-45: Launching Tasks] INFO  o.a.m.s.f.DefaultMavenResourcesFiltering - skip non existing resourceDirectory C:\Users\HP\OneDrive\Desktop\Fitpeo\FitpeoWebApplication\src\main\resources
2024-11-27 19:12:23,986 [Worker-45: Launching Tasks] INFO  o.a.m.s.f.DefaultMavenResourcesFiltering - skip non existing resourceDirectory C:\Users\HP\OneDrive\Desktop\Fitpeo\FitpeoWebApplication\src\test\resources
2024-11-27 19:15:45,055 [Worker-49: Launching Tasks] INFO  o.a.m.s.f.DefaultMavenResourcesFiltering - skip non existing resourceDirectory C:\Users\HP\OneDrive\Desktop\Fitpeo\FitpeoWebApplication\src\main\resources
2024-11-27 19:15:45,059 [Worker-49: Launching Tasks] INFO  o.a.m.s.f.DefaultMavenResourcesFiltering - skip non existing resourceDirectory C:\Users\HP\OneDrive\Desktop\Fitpeo\FitpeoWebApplication\src\test\resources
2024-11-27 19:19:51,473 [Worker-53: Launching Tasks] INFO  o.a.m.s.f.DefaultMavenResourcesFiltering - skip non existing resourceDirectory C:\Users\HP\OneDrive\Desktop\Fitpeo\FitpeoWebApplication\src\main\resources
2024-11-27 19:19:51,475 [Worker-53: Launching Tasks] INFO  o.a.m.s.f.DefaultMavenResourcesFiltering - skip non existing resourceDirectory C:\Users\HP\OneDrive\Desktop\Fitpeo\FitpeoWebApplication\src\test\resources
2024-11-27 19:21:19,470 [Worker-50: Launching Tasks] INFO  o.a.m.s.f.DefaultMavenResourcesFiltering - skip non existing resourceDirectory C:\Users\HP\OneDrive\Desktop\Fitpeo\FitpeoWebApplication\src\main\resources
2024-11-27 19:21:19,472 [Worker-50: Launching Tasks] INFO  o.a.m.s.f.DefaultMavenResourcesFiltering - skip non existing resourceDirectory C:\Users\HP\OneDrive\Desktop\Fitpeo\FitpeoWebApplication\src\test\resources
2024-11-27 19:22:26,636 [Worker-53: Launching Tasks] INFO  o.a.m.s.f.DefaultMavenResourcesFiltering - skip non existing resourceDirectory C:\Users\HP\OneDrive\Desktop\Fitpeo\FitpeoWebApplication\src\main\resources
2024-11-27 19:22:26,639 [Worker-53: Launching Tasks] INFO  o.a.m.s.f.DefaultMavenResourcesFiltering - skip non existing resourceDirectory C:\Users\HP\OneDrive\Desktop\Fitpeo\FitpeoWebApplication\src\test\resources
2024-11-27 19:35:01,084 [Worker-50: Launching Tasks] INFO  o.a.m.s.f.DefaultMavenResourcesFiltering - skip non existing resourceDirectory C:\Users\HP\OneDrive\Desktop\Fitpeo\FitpeoWebApplication\src\main\resources
2024-11-27 19:35:01,086 [Worker-50: Launching Tasks] INFO  o.a.m.s.f.DefaultMavenResourcesFiltering - skip non existing resourceDirectory C:\Users\HP\OneDrive\Desktop\Fitpeo\FitpeoWebApplication\src\test\resources
2024-11-27 19:40:42,946 [Worker-58: Launching Tasks] INFO  o.a.m.s.f.DefaultMavenResourcesFiltering - skip non existing resourceDirectory C:\Users\HP\OneDrive\Desktop\Fitpeo\FitpeoWebApplication\src\main\resources
2024-11-27 19:40:42,949 [Worker-58: Launching Tasks] INFO  o.a.m.s.f.DefaultMavenResourcesFiltering - skip non existing resourceDirectory C:\Users\HP\OneDrive\Desktop\Fitpeo\FitpeoWebApplication\src\test\resources
2024-11-27 19:45:50,225 [Worker-59: Launching Tasks] INFO  o.a.m.s.f.DefaultMavenResourcesFiltering - skip non existing resourceDirectory C:\Users\HP\OneDrive\Desktop\Fitpeo\FitpeoWebApplication\src\main\resources
2024-11-27 19:45:50,231 [Worker-59: Launching Tasks] INFO  o.a.m.s.f.DefaultMavenResourcesFiltering - skip non existing resourceDirectory C:\Users\HP\OneDrive\Desktop\Fitpeo\FitpeoWebApplication\src\test\resources
2024-11-27 19:47:19,778 [Worker-62: Launching Tasks] INFO  o.a.m.s.f.DefaultMavenResourcesFiltering - skip non existing resourceDirectory C:\Users\HP\OneDrive\Desktop\Fitpeo\FitpeoWebApplication\src\main\resources
2024-11-27 19:47:19,781 [Worker-62: Launching Tasks] INFO  o.a.m.s.f.DefaultMavenResourcesFiltering - skip non existing resourceDirectory C:\Users\HP\OneDrive\Desktop\Fitpeo\FitpeoWebApplication\src\test\resources
2024-11-27 19:48:39,450 [Worker-56: Launching Tasks] INFO  o.a.m.s.f.DefaultMavenResourcesFiltering - skip non existing resourceDirectory C:\Users\HP\OneDrive\Desktop\Fitpeo\FitpeoWebApplication\src\main\resources
2024-11-27 19:48:39,453 [Worker-56: Launching Tasks] INFO  o.a.m.s.f.DefaultMavenResourcesFiltering - skip non existing resourceDirectory C:\Users\HP\OneDrive\Desktop\Fitpeo\FitpeoWebApplication\src\test\resources
2024-11-27 19:50:42,436 [Worker-56: Launching Tasks] INFO  o.a.m.s.f.DefaultMavenResourcesFiltering - skip non existing resourceDirectory C:\Users\HP\OneDrive\Desktop\Fitpeo\FitpeoWebApplication\src\main\resources
2024-11-27 19:50:42,439 [Worker-56: Launching Tasks] INFO  o.a.m.s.f.DefaultMavenResourcesFiltering - skip non existing resourceDirectory C:\Users\HP\OneDrive\Desktop\Fitpeo\FitpeoWebApplication\src\test\resources
2024-11-27 20:43:12,004 [Worker-56: Launching Tasks] INFO  o.a.m.s.f.DefaultMavenResourcesFiltering - skip non existing resourceDirectory C:\Users\HP\OneDrive\Desktop\Fitpeo\FitpeoWebApplication\src\main\resources
2024-11-27 20:43:12,006 [Worker-56: Launching Tasks] INFO  o.a.m.s.f.DefaultMavenResourcesFiltering - skip non existing resourceDirectory C:\Users\HP\OneDrive\Desktop\Fitpeo\FitpeoWebApplication\src\test\resources
2024-11-27 20:45:34,225 [Worker-69: Launching Tasks] INFO  o.a.m.s.f.DefaultMavenResourcesFiltering - skip non existing resourceDirectory C:\Users\HP\OneDrive\Desktop\Fitpeo\FitpeoWebApplication\src\main\resources
2024-11-27 20:45:34,228 [Worker-69: Launching Tasks] INFO  o.a.m.s.f.DefaultMavenResourcesFiltering - skip non existing resourceDirectory C:\Users\HP\OneDrive\Desktop\Fitpeo\FitpeoWebApplication\src\test\resources
